CRITICAL - 2023-03-30 04:39:08 --> Class "Config\EmailRules" not found
in SYSTEMPATH/Validation/Validation.php on line 596.
 1 SYSTEMPATH/Validation/Validation.php(117): CodeIgniter\Validation\Validation->loadRuleSets()
 2 SYSTEMPATH/Controller.php(140): CodeIgniter\Validation\Validation->run()
 3 APPPATH/Controllers/Register.php(20): CodeIgniter\Controller->validate()
 4 SYSTEMPATH/CodeIgniter.php(934): App\Controllers\Register->index()
 5 SYSTEMPATH/CodeIgniter.php(499): CodeIgniter\CodeIgniter->runController()
 6 SYSTEMPATH/CodeIgniter.php(368): CodeIgniter\CodeIgniter->handleRequest()
 7 FCPATH/index.php(67): CodeIgniter\CodeIgniter->run()
CRITICAL - 2023-03-30 04:43:27 --> Class "Config\app\Validation\MyRules" not found
in SYSTEMPATH/Validation/Validation.php on line 596.
 1 SYSTEMPATH/Validation/Validation.php(117): CodeIgniter\Validation\Validation->loadRuleSets()
 2 SYSTEMPATH/Controller.php(140): CodeIgniter\Validation\Validation->run()
 3 APPPATH/Controllers/Register.php(20): CodeIgniter\Controller->validate()
 4 SYSTEMPATH/CodeIgniter.php(934): App\Controllers\Register->index()
 5 SYSTEMPATH/CodeIgniter.php(499): CodeIgniter\CodeIgniter->runController()
 6 SYSTEMPATH/CodeIgniter.php(368): CodeIgniter\CodeIgniter->handleRequest()
 7 FCPATH/index.php(67): CodeIgniter\CodeIgniter->run()
CRITICAL - 2023-03-30 04:43:58 --> Class "Config\app\Validation\EmailRules" not found
in SYSTEMPATH/Validation/Validation.php on line 596.
 1 SYSTEMPATH/Validation/Validation.php(117): CodeIgniter\Validation\Validation->loadRuleSets()
 2 SYSTEMPATH/Controller.php(140): CodeIgniter\Validation\Validation->run()
 3 APPPATH/Controllers/Register.php(20): CodeIgniter\Controller->validate()
 4 SYSTEMPATH/CodeIgniter.php(934): App\Controllers\Register->index()
 5 SYSTEMPATH/CodeIgniter.php(499): CodeIgniter\CodeIgniter->runController()
 6 SYSTEMPATH/CodeIgniter.php(368): CodeIgniter\CodeIgniter->handleRequest()
 7 FCPATH/index.php(67): CodeIgniter\CodeIgniter->run()
CRITICAL - 2023-03-30 04:44:34 --> Class "Config\App\Validation\EmailRules" not found
in SYSTEMPATH/Validation/Validation.php on line 596.
 1 SYSTEMPATH/Validation/Validation.php(117): CodeIgniter\Validation\Validation->loadRuleSets()
 2 SYSTEMPATH/Controller.php(140): CodeIgniter\Validation\Validation->run()
 3 APPPATH/Controllers/Register.php(20): CodeIgniter\Controller->validate()
 4 SYSTEMPATH/CodeIgniter.php(934): App\Controllers\Register->index()
 5 SYSTEMPATH/CodeIgniter.php(499): CodeIgniter\CodeIgniter->runController()
 6 SYSTEMPATH/CodeIgniter.php(368): CodeIgniter\CodeIgniter->handleRequest()
 7 FCPATH/index.php(67): CodeIgniter\CodeIgniter->run()
CRITICAL - 2023-03-30 04:46:47 --> Class "app\Validation\EmailRules" not found
in SYSTEMPATH/Validation/Validation.php on line 596.
 1 SYSTEMPATH/Validation/Validation.php(117): CodeIgniter\Validation\Validation->loadRuleSets()
 2 SYSTEMPATH/Controller.php(140): CodeIgniter\Validation\Validation->run()
 3 APPPATH/Controllers/Register.php(20): CodeIgniter\Controller->validate()
 4 SYSTEMPATH/CodeIgniter.php(934): App\Controllers\Register->index()
 5 SYSTEMPATH/CodeIgniter.php(499): CodeIgniter\CodeIgniter->runController()
 6 SYSTEMPATH/CodeIgniter.php(368): CodeIgniter\CodeIgniter->handleRequest()
 7 FCPATH/index.php(67): CodeIgniter\CodeIgniter->run()
CRITICAL - 2023-03-30 04:46:55 --> Class "app\Validation\EmailRules" not found
in SYSTEMPATH/Validation/Validation.php on line 596.
 1 SYSTEMPATH/Validation/Validation.php(117): CodeIgniter\Validation\Validation->loadRuleSets()
 2 SYSTEMPATH/Controller.php(140): CodeIgniter\Validation\Validation->run()
 3 APPPATH/Controllers/Register.php(20): CodeIgniter\Controller->validate()
 4 SYSTEMPATH/CodeIgniter.php(934): App\Controllers\Register->index()
 5 SYSTEMPATH/CodeIgniter.php(499): CodeIgniter\CodeIgniter->runController()
 6 SYSTEMPATH/CodeIgniter.php(368): CodeIgniter\CodeIgniter->handleRequest()
 7 FCPATH/index.php(67): CodeIgniter\CodeIgniter->run()
CRITICAL - 2023-03-30 04:49:20 --> Undefined constant "Config\Validation"
in SYSTEMPATH/Config/Factories.php on line 129.
 1 SYSTEMPATH/Common.php(216): CodeIgniter\Config\Factories::__callStatic()
 2 SYSTEMPATH/Config/Services.php(753): config()
 3 SYSTEMPATH/Config/BaseService.php(252): CodeIgniter\Config\Services::validation()
 4 SYSTEMPATH/Config/BaseService.php(193): CodeIgniter\Config\BaseService::__callStatic()
 5 SYSTEMPATH/Config/Services.php(750): CodeIgniter\Config\BaseService::getSharedInstance()
 6 SYSTEMPATH/Config/BaseService.php(252): CodeIgniter\Config\Services::validation()
 7 SYSTEMPATH/Controller.php(163): CodeIgniter\Config\BaseService::__callStatic()
 8 SYSTEMPATH/Controller.php(138): CodeIgniter\Controller->setValidator()
 9 APPPATH/Controllers/Register.php(20): CodeIgniter\Controller->validate()
10 SYSTEMPATH/CodeIgniter.php(934): App\Controllers\Register->index()
11 SYSTEMPATH/CodeIgniter.php(499): CodeIgniter\CodeIgniter->runController()
12 SYSTEMPATH/CodeIgniter.php(368): CodeIgniter\CodeIgniter->handleRequest()
13 FCPATH/index.php(67): CodeIgniter\CodeIgniter->run()
CRITICAL - 2023-03-30 04:50:16 --> Undefined variable $userModel
in APPPATH/Controllers/Register.php on line 32.
 1 APPPATH/Controllers/Register.php(32): CodeIgniter\Debug\Exceptions->errorHandler()
 2 SYSTEMPATH/CodeIgniter.php(934): App\Controllers\Register->index()
 3 SYSTEMPATH/CodeIgniter.php(499): CodeIgniter\CodeIgniter->runController()
 4 SYSTEMPATH/CodeIgniter.php(368): CodeIgniter\CodeIgniter->handleRequest()
 5 FCPATH/index.php(67): CodeIgniter\CodeIgniter->run()
CRITICAL - 2023-03-30 04:51:21 --> Object of class CodeIgniter\Validation\Validation could not be converted to string
in SYSTEMPATH/Database/Query.php on line 335.
 1 SYSTEMPATH/Database/Query.php(335): strtr()
 2 SYSTEMPATH/Database/Query.php(310): CodeIgniter\Database\Query->matchNamedBinds()
 3 SYSTEMPATH/Database/Query.php(159): CodeIgniter\Database\Query->compileBinds()
 4 SYSTEMPATH/Database/BaseConnection.php(605): CodeIgniter\Database\Query->getQuery()
 5 SYSTEMPATH/Database/BaseBuilder.php(2309): CodeIgniter\Database\BaseConnection->query()
 6 APPPATH/Models/User_model.php(25): CodeIgniter\Database\BaseBuilder->insert()
 7 APPPATH/Controllers/Register.php(33): App\Models\User_model->register()
 8 SYSTEMPATH/CodeIgniter.php(934): App\Controllers\Register->index()
 9 SYSTEMPATH/CodeIgniter.php(499): CodeIgniter\CodeIgniter->runController()
10 SYSTEMPATH/CodeIgniter.php(368): CodeIgniter\CodeIgniter->handleRequest()
11 FCPATH/index.php(67): CodeIgniter\CodeIgniter->run()
ERROR - 2023-03-30 04:53:31 --> mysqli_sql_exception: Unknown column 'validation' in 'field list' in /var/www/htdocs/Treehouse/system/Database/MySQLi/Connection.php:295
Stack trace:
#0 /var/www/htdocs/Treehouse/system/Database/MySQLi/Connection.php(295): mysqli->query()
#1 /var/www/htdocs/Treehouse/system/Database/BaseConnection.php(691): CodeIgniter\Database\MySQLi\Connection->execute()
#2 /var/www/htdocs/Treehouse/system/Database/BaseConnection.php(605): CodeIgniter\Database\BaseConnection->simpleQuery()
#3 /var/www/htdocs/Treehouse/system/Database/BaseBuilder.php(2309): CodeIgniter\Database\BaseConnection->query()
#4 /var/www/htdocs/Treehouse/app/Models/User_model.php(25): CodeIgniter\Database\BaseBuilder->insert()
#5 /var/www/htdocs/Treehouse/app/Controllers/Register.php(33): App\Models\User_model->register()
#6 /var/www/htdocs/Treehouse/system/CodeIgniter.php(934): App\Controllers\Register->index()
#7 /var/www/htdocs/Treehouse/system/CodeIgniter.php(499): CodeIgniter\CodeIgniter->runController()
#8 /var/www/htdocs/Treehouse/system/CodeIgniter.php(368): CodeIgniter\CodeIgniter->handleRequest()
#9 /var/www/htdocs/Treehouse/public/index.php(67): CodeIgniter\CodeIgniter->run()
#10 {main}
CRITICAL - 2023-03-30 04:53:31 --> Unknown column 'validation' in 'field list'
in SYSTEMPATH/Database/BaseConnection.php on line 645.
 1 SYSTEMPATH/Database/BaseBuilder.php(2309): CodeIgniter\Database\BaseConnection->query()
 2 APPPATH/Models/User_model.php(25): CodeIgniter\Database\BaseBuilder->insert()
 3 APPPATH/Controllers/Register.php(33): App\Models\User_model->register()
 4 SYSTEMPATH/CodeIgniter.php(934): App\Controllers\Register->index()
 5 SYSTEMPATH/CodeIgniter.php(499): CodeIgniter\CodeIgniter->runController()
 6 SYSTEMPATH/CodeIgniter.php(368): CodeIgniter\CodeIgniter->handleRequest()
 7 FCPATH/index.php(67): CodeIgniter\CodeIgniter->run()
CRITICAL - 2023-03-30 04:55:14 --> Object of class CodeIgniter\Validation\Validation could not be converted to string
in SYSTEMPATH/Database/Query.php on line 335.
 1 SYSTEMPATH/Database/Query.php(335): strtr()
 2 SYSTEMPATH/Database/Query.php(310): CodeIgniter\Database\Query->matchNamedBinds()
 3 SYSTEMPATH/Database/Query.php(159): CodeIgniter\Database\Query->compileBinds()
 4 SYSTEMPATH/Database/BaseConnection.php(605): CodeIgniter\Database\Query->getQuery()
 5 SYSTEMPATH/Database/BaseBuilder.php(2309): CodeIgniter\Database\BaseConnection->query()
 6 APPPATH/Models/User_model.php(25): CodeIgniter\Database\BaseBuilder->insert()
 7 APPPATH/Controllers/Register.php(33): App\Models\User_model->register()
 8 SYSTEMPATH/CodeIgniter.php(934): App\Controllers\Register->index()
 9 SYSTEMPATH/CodeIgniter.php(499): CodeIgniter\CodeIgniter->runController()
10 SYSTEMPATH/CodeIgniter.php(368): CodeIgniter\CodeIgniter->handleRequest()
11 FCPATH/index.php(67): CodeIgniter\CodeIgniter->run()
CRITICAL - 2023-03-30 04:57:50 --> Object of class CodeIgniter\Validation\Validation could not be converted to string
in SYSTEMPATH/Database/Query.php on line 335.
 1 SYSTEMPATH/Database/Query.php(335): strtr()
 2 SYSTEMPATH/Database/Query.php(310): CodeIgniter\Database\Query->matchNamedBinds()
 3 SYSTEMPATH/Database/Query.php(159): CodeIgniter\Database\Query->compileBinds()
 4 SYSTEMPATH/Database/BaseConnection.php(605): CodeIgniter\Database\Query->getQuery()
 5 SYSTEMPATH/Database/BaseBuilder.php(2309): CodeIgniter\Database\BaseConnection->query()
 6 APPPATH/Models/User_model.php(25): CodeIgniter\Database\BaseBuilder->insert()
 7 APPPATH/Controllers/Register.php(33): App\Models\User_model->register()
 8 SYSTEMPATH/CodeIgniter.php(934): App\Controllers\Register->index()
 9 SYSTEMPATH/CodeIgniter.php(499): CodeIgniter\CodeIgniter->runController()
10 SYSTEMPATH/CodeIgniter.php(368): CodeIgniter\CodeIgniter->handleRequest()
11 FCPATH/index.php(67): CodeIgniter\CodeIgniter->run()
CRITICAL - 2023-03-30 04:58:12 --> Object of class CodeIgniter\Validation\Validation could not be converted to string
in SYSTEMPATH/Database/Query.php on line 335.
 1 SYSTEMPATH/Database/Query.php(335): strtr()
 2 SYSTEMPATH/Database/Query.php(310): CodeIgniter\Database\Query->matchNamedBinds()
 3 SYSTEMPATH/Database/Query.php(159): CodeIgniter\Database\Query->compileBinds()
 4 SYSTEMPATH/Database/BaseConnection.php(605): CodeIgniter\Database\Query->getQuery()
 5 SYSTEMPATH/Database/BaseBuilder.php(2309): CodeIgniter\Database\BaseConnection->query()
 6 APPPATH/Models/User_model.php(25): CodeIgniter\Database\BaseBuilder->insert()
 7 APPPATH/Controllers/Register.php(33): App\Models\User_model->register()
 8 SYSTEMPATH/CodeIgniter.php(934): App\Controllers\Register->index()
 9 SYSTEMPATH/CodeIgniter.php(499): CodeIgniter\CodeIgniter->runController()
10 SYSTEMPATH/CodeIgniter.php(368): CodeIgniter\CodeIgniter->handleRequest()
11 FCPATH/index.php(67): CodeIgniter\CodeIgniter->run()
CRITICAL - 2023-03-30 04:59:14 --> Object of class CodeIgniter\Validation\Validation could not be converted to string
in SYSTEMPATH/Database/Query.php on line 335.
 1 SYSTEMPATH/Database/Query.php(335): strtr()
 2 SYSTEMPATH/Database/Query.php(310): CodeIgniter\Database\Query->matchNamedBinds()
 3 SYSTEMPATH/Database/Query.php(159): CodeIgniter\Database\Query->compileBinds()
 4 SYSTEMPATH/Database/BaseConnection.php(605): CodeIgniter\Database\Query->getQuery()
 5 SYSTEMPATH/Database/BaseBuilder.php(2309): CodeIgniter\Database\BaseConnection->query()
 6 APPPATH/Models/User_model.php(25): CodeIgniter\Database\BaseBuilder->insert()
 7 APPPATH/Controllers/Register.php(33): App\Models\User_model->register()
 8 SYSTEMPATH/CodeIgniter.php(934): App\Controllers\Register->index()
 9 SYSTEMPATH/CodeIgniter.php(499): CodeIgniter\CodeIgniter->runController()
10 SYSTEMPATH/CodeIgniter.php(368): CodeIgniter\CodeIgniter->handleRequest()
11 FCPATH/index.php(67): CodeIgniter\CodeIgniter->run()
CRITICAL - 2023-03-30 05:00:59 --> Object of class CodeIgniter\Validation\Validation could not be converted to string
in SYSTEMPATH/Database/Query.php on line 335.
 1 SYSTEMPATH/Database/Query.php(335): strtr()
 2 SYSTEMPATH/Database/Query.php(310): CodeIgniter\Database\Query->matchNamedBinds()
 3 SYSTEMPATH/Database/Query.php(159): CodeIgniter\Database\Query->compileBinds()
 4 SYSTEMPATH/Database/BaseConnection.php(605): CodeIgniter\Database\Query->getQuery()
 5 SYSTEMPATH/Database/BaseBuilder.php(2309): CodeIgniter\Database\BaseConnection->query()
 6 APPPATH/Models/User_model.php(25): CodeIgniter\Database\BaseBuilder->insert()
 7 APPPATH/Controllers/Register.php(33): App\Models\User_model->register()
 8 SYSTEMPATH/CodeIgniter.php(934): App\Controllers\Register->index()
 9 SYSTEMPATH/CodeIgniter.php(499): CodeIgniter\CodeIgniter->runController()
10 SYSTEMPATH/CodeIgniter.php(368): CodeIgniter\CodeIgniter->handleRequest()
11 FCPATH/index.php(67): CodeIgniter\CodeIgniter->run()
CRITICAL - 2023-03-30 05:02:20 --> Object of class CodeIgniter\Validation\Validation could not be converted to string
in SYSTEMPATH/Database/Query.php on line 335.
 1 SYSTEMPATH/Database/Query.php(335): strtr()
 2 SYSTEMPATH/Database/Query.php(310): CodeIgniter\Database\Query->matchNamedBinds()
 3 SYSTEMPATH/Database/Query.php(159): CodeIgniter\Database\Query->compileBinds()
 4 SYSTEMPATH/Database/BaseConnection.php(605): CodeIgniter\Database\Query->getQuery()
 5 SYSTEMPATH/Database/BaseBuilder.php(2309): CodeIgniter\Database\BaseConnection->query()
 6 APPPATH/Models/User_model.php(25): CodeIgniter\Database\BaseBuilder->insert()
 7 APPPATH/Controllers/Register.php(33): App\Models\User_model->register()
 8 SYSTEMPATH/CodeIgniter.php(934): App\Controllers\Register->index()
 9 SYSTEMPATH/CodeIgniter.php(499): CodeIgniter\CodeIgniter->runController()
10 SYSTEMPATH/CodeIgniter.php(368): CodeIgniter\CodeIgniter->handleRequest()
11 FCPATH/index.php(67): CodeIgniter\CodeIgniter->run()
CRITICAL - 2023-03-30 05:03:20 --> Undefined variable $data
in APPPATH/Controllers/Register.php on line 39.
 1 APPPATH/Controllers/Register.php(39): CodeIgniter\Debug\Exceptions->errorHandler()
 2 SYSTEMPATH/CodeIgniter.php(934): App\Controllers\Register->index()
 3 SYSTEMPATH/CodeIgniter.php(499): CodeIgniter\CodeIgniter->runController()
 4 SYSTEMPATH/CodeIgniter.php(368): CodeIgniter\CodeIgniter->handleRequest()
 5 FCPATH/index.php(67): CodeIgniter\CodeIgniter->run()
CRITICAL - 2023-03-30 05:03:22 --> Undefined variable $data
in APPPATH/Controllers/Register.php on line 39.
 1 APPPATH/Controllers/Register.php(39): CodeIgniter\Debug\Exceptions->errorHandler()
 2 SYSTEMPATH/CodeIgniter.php(934): App\Controllers\Register->index()
 3 SYSTEMPATH/CodeIgniter.php(499): CodeIgniter\CodeIgniter->runController()
 4 SYSTEMPATH/CodeIgniter.php(368): CodeIgniter\CodeIgniter->handleRequest()
 5 FCPATH/index.php(67): CodeIgniter\CodeIgniter->run()
CRITICAL - 2023-03-30 05:03:27 --> Undefined variable $data
in APPPATH/Controllers/Register.php on line 39.
 1 APPPATH/Controllers/Register.php(39): CodeIgniter\Debug\Exceptions->errorHandler()
 2 SYSTEMPATH/CodeIgniter.php(934): App\Controllers\Register->index()
 3 SYSTEMPATH/CodeIgniter.php(499): CodeIgniter\CodeIgniter->runController()
 4 SYSTEMPATH/CodeIgniter.php(368): CodeIgniter\CodeIgniter->handleRequest()
 5 FCPATH/index.php(67): CodeIgniter\CodeIgniter->run()
CRITICAL - 2023-03-30 05:03:41 --> Object of class CodeIgniter\Validation\Validation could not be converted to string
in SYSTEMPATH/Database/Query.php on line 335.
 1 SYSTEMPATH/Database/Query.php(335): strtr()
 2 SYSTEMPATH/Database/Query.php(310): CodeIgniter\Database\Query->matchNamedBinds()
 3 SYSTEMPATH/Database/Query.php(159): CodeIgniter\Database\Query->compileBinds()
 4 SYSTEMPATH/Database/BaseConnection.php(605): CodeIgniter\Database\Query->getQuery()
 5 SYSTEMPATH/Database/BaseBuilder.php(2309): CodeIgniter\Database\BaseConnection->query()
 6 APPPATH/Models/User_model.php(25): CodeIgniter\Database\BaseBuilder->insert()
 7 APPPATH/Controllers/Register.php(33): App\Models\User_model->register()
 8 SYSTEMPATH/CodeIgniter.php(934): App\Controllers\Register->index()
 9 SYSTEMPATH/CodeIgniter.php(499): CodeIgniter\CodeIgniter->runController()
10 SYSTEMPATH/CodeIgniter.php(368): CodeIgniter\CodeIgniter->handleRequest()
11 FCPATH/index.php(67): CodeIgniter\CodeIgniter->run()
CRITICAL - 2023-03-30 05:05:40 --> Object of class CodeIgniter\Validation\Validation could not be converted to string
in SYSTEMPATH/Database/Query.php on line 335.
 1 SYSTEMPATH/Database/Query.php(335): strtr()
 2 SYSTEMPATH/Database/Query.php(310): CodeIgniter\Database\Query->matchNamedBinds()
 3 SYSTEMPATH/Database/Query.php(159): CodeIgniter\Database\Query->compileBinds()
 4 SYSTEMPATH/Database/BaseConnection.php(605): CodeIgniter\Database\Query->getQuery()
 5 SYSTEMPATH/Database/BaseBuilder.php(2309): CodeIgniter\Database\BaseConnection->query()
 6 APPPATH/Models/User_model.php(25): CodeIgniter\Database\BaseBuilder->insert()
 7 APPPATH/Controllers/Register.php(34): App\Models\User_model->register()
 8 SYSTEMPATH/CodeIgniter.php(934): App\Controllers\Register->index()
 9 SYSTEMPATH/CodeIgniter.php(499): CodeIgniter\CodeIgniter->runController()
10 SYSTEMPATH/CodeIgniter.php(368): CodeIgniter\CodeIgniter->handleRequest()
11 FCPATH/index.php(67): CodeIgniter\CodeIgniter->run()
CRITICAL - 2023-03-30 12:40:23 --> Object of class CodeIgniter\Validation\Validation could not be converted to string
in SYSTEMPATH/Database/Query.php on line 335.
 1 SYSTEMPATH/Database/Query.php(335): strtr()
 2 SYSTEMPATH/Database/Query.php(310): CodeIgniter\Database\Query->matchNamedBinds()
 3 SYSTEMPATH/Database/Query.php(159): CodeIgniter\Database\Query->compileBinds()
 4 SYSTEMPATH/Database/BaseConnection.php(605): CodeIgniter\Database\Query->getQuery()
 5 SYSTEMPATH/Database/BaseBuilder.php(2309): CodeIgniter\Database\BaseConnection->query()
 6 APPPATH/Models/User_model.php(25): CodeIgniter\Database\BaseBuilder->insert()
 7 APPPATH/Controllers/Register.php(34): App\Models\User_model->register()
 8 SYSTEMPATH/CodeIgniter.php(934): App\Controllers\Register->index()
 9 SYSTEMPATH/CodeIgniter.php(499): CodeIgniter\CodeIgniter->runController()
10 SYSTEMPATH/CodeIgniter.php(368): CodeIgniter\CodeIgniter->handleRequest()
11 FCPATH/index.php(67): CodeIgniter\CodeIgniter->run()
ERROR - 2023-03-30 16:37:33 --> mysqli_sql_exception: Duplicate entry '0' for key 'users.PRIMARY' in /var/www/htdocs/Treehouse/system/Database/MySQLi/Connection.php:295
Stack trace:
#0 /var/www/htdocs/Treehouse/system/Database/MySQLi/Connection.php(295): mysqli->query()
#1 /var/www/htdocs/Treehouse/system/Database/BaseConnection.php(691): CodeIgniter\Database\MySQLi\Connection->execute()
#2 /var/www/htdocs/Treehouse/system/Database/BaseConnection.php(605): CodeIgniter\Database\BaseConnection->simpleQuery()
#3 /var/www/htdocs/Treehouse/system/Database/BaseBuilder.php(2309): CodeIgniter\Database\BaseConnection->query()
#4 /var/www/htdocs/Treehouse/app/Models/User_model.php(25): CodeIgniter\Database\BaseBuilder->insert()
#5 /var/www/htdocs/Treehouse/app/Controllers/Register.php(32): App\Models\User_model->register()
#6 /var/www/htdocs/Treehouse/system/CodeIgniter.php(934): App\Controllers\Register->index()
#7 /var/www/htdocs/Treehouse/system/CodeIgniter.php(499): CodeIgniter\CodeIgniter->runController()
#8 /var/www/htdocs/Treehouse/system/CodeIgniter.php(368): CodeIgniter\CodeIgniter->handleRequest()
#9 /var/www/htdocs/Treehouse/public/index.php(67): CodeIgniter\CodeIgniter->run()
#10 {main}
CRITICAL - 2023-03-30 16:37:33 --> Duplicate entry '0' for key 'users.PRIMARY'
in SYSTEMPATH/Database/BaseConnection.php on line 645.
 1 SYSTEMPATH/Database/BaseBuilder.php(2309): CodeIgniter\Database\BaseConnection->query()
 2 APPPATH/Models/User_model.php(25): CodeIgniter\Database\BaseBuilder->insert()
 3 APPPATH/Controllers/Register.php(32): App\Models\User_model->register()
 4 SYSTEMPATH/CodeIgniter.php(934): App\Controllers\Register->index()
 5 SYSTEMPATH/CodeIgniter.php(499): CodeIgniter\CodeIgniter->runController()
 6 SYSTEMPATH/CodeIgniter.php(368): CodeIgniter\CodeIgniter->handleRequest()
 7 FCPATH/index.php(67): CodeIgniter\CodeIgniter->run()
CRITICAL - 2023-03-30 17:14:25 --> Undefined variable $email
in APPPATH/Models/User_model.php on line 13.
 1 APPPATH/Models/User_model.php(13): CodeIgniter\Debug\Exceptions->errorHandler()
 2 APPPATH/Controllers/Login.php(40): App\Models\User_model->login()
 3 SYSTEMPATH/CodeIgniter.php(934): App\Controllers\Login->check_login()
 4 SYSTEMPATH/CodeIgniter.php(499): CodeIgniter\CodeIgniter->runController()
 5 SYSTEMPATH/CodeIgniter.php(368): CodeIgniter\CodeIgniter->handleRequest()
 6 FCPATH/index.php(67): CodeIgniter\CodeIgniter->run()
CRITICAL - 2023-03-30 17:19:08 --> You must set the database table to be used with your query.
in SYSTEMPATH/Database/BaseConnection.php on line 882.
 1 SYSTEMPATH/Model.php(642): CodeIgniter\Database\BaseConnection->table()
 2 SYSTEMPATH/Model.php(832): CodeIgniter\Model->builder()
 3 APPPATH/Controllers/Login.php(40): CodeIgniter\Model->__call()
 4 SYSTEMPATH/CodeIgniter.php(934): App\Controllers\Login->check_login()
 5 SYSTEMPATH/CodeIgniter.php(499): CodeIgniter\CodeIgniter->runController()
 6 SYSTEMPATH/CodeIgniter.php(368): CodeIgniter\CodeIgniter->handleRequest()
 7 FCPATH/index.php(67): CodeIgniter\CodeIgniter->run()
CRITICAL - 2023-03-30 17:23:16 --> You must set the database table to be used with your query.
in SYSTEMPATH/Database/BaseConnection.php on line 882.
 1 SYSTEMPATH/Model.php(642): CodeIgniter\Database\BaseConnection->table()
 2 SYSTEMPATH/Model.php(832): CodeIgniter\Model->builder()
 3 APPPATH/Controllers/Login.php(40): CodeIgniter\Model->__call()
 4 SYSTEMPATH/CodeIgniter.php(934): App\Controllers\Login->check_login()
 5 SYSTEMPATH/CodeIgniter.php(499): CodeIgniter\CodeIgniter->runController()
 6 SYSTEMPATH/CodeIgniter.php(368): CodeIgniter\CodeIgniter->handleRequest()
 7 FCPATH/index.php(67): CodeIgniter\CodeIgniter->run()
