CRITICAL - 2023-05-06 02:06:09 --> Object of class CodeIgniter\Database\MySQLi\Result could not be converted to string
in SYSTEMPATH/Database/Query.php on line 335.
 1 SYSTEMPATH/Database/Query.php(335): strtr()
 2 SYSTEMPATH/Database/Query.php(310): CodeIgniter\Database\Query->matchNamedBinds()
 3 SYSTEMPATH/Database/Query.php(159): CodeIgniter\Database\Query->compileBinds()
 4 SYSTEMPATH/Database/BaseConnection.php(605): CodeIgniter\Database\Query->getQuery()
 5 SYSTEMPATH/Database/BaseBuilder.php(2309): CodeIgniter\Database\BaseConnection->query()
 6 SYSTEMPATH/Model.php(330): CodeIgniter\Database\BaseBuilder->insert()
 7 SYSTEMPATH/BaseModel.php(782): CodeIgniter\Model->doInsert()
 8 SYSTEMPATH/Model.php(730): CodeIgniter\BaseModel->insert()
 9 APPPATH/Controllers/CommentController.php(24): CodeIgniter\Model->insert()
10 SYSTEMPATH/CodeIgniter.php(934): App\Controllers\CommentController->postComment()
11 SYSTEMPATH/CodeIgniter.php(499): CodeIgniter\CodeIgniter->runController()
12 SYSTEMPATH/CodeIgniter.php(368): CodeIgniter\CodeIgniter->handleRequest()
13 FCPATH/index.php(67): CodeIgniter\CodeIgniter->run()
CRITICAL - 2023-05-06 23:29:38 --> Object of class CodeIgniter\Database\MySQLi\Result could not be converted to string
in SYSTEMPATH/Database/Query.php on line 335.
 1 SYSTEMPATH/Database/Query.php(335): strtr()
 2 SYSTEMPATH/Database/Query.php(310): CodeIgniter\Database\Query->matchNamedBinds()
 3 SYSTEMPATH/Database/Query.php(159): CodeIgniter\Database\Query->compileBinds()
 4 SYSTEMPATH/Database/BaseConnection.php(605): CodeIgniter\Database\Query->getQuery()
 5 SYSTEMPATH/Database/BaseBuilder.php(2309): CodeIgniter\Database\BaseConnection->query()
 6 SYSTEMPATH/Model.php(330): CodeIgniter\Database\BaseBuilder->insert()
 7 SYSTEMPATH/BaseModel.php(782): CodeIgniter\Model->doInsert()
 8 SYSTEMPATH/Model.php(730): CodeIgniter\BaseModel->insert()
 9 APPPATH/Controllers/CommentController.php(25): CodeIgniter\Model->insert()
10 SYSTEMPATH/CodeIgniter.php(934): App\Controllers\CommentController->postComment()
11 SYSTEMPATH/CodeIgniter.php(499): CodeIgniter\CodeIgniter->runController()
12 SYSTEMPATH/CodeIgniter.php(368): CodeIgniter\CodeIgniter->handleRequest()
13 FCPATH/index.php(67): CodeIgniter\CodeIgniter->run()
CRITICAL - 2023-05-06 16:41:26 --> Undefined variable $user
in APPPATH/Controllers/CommentController.php on line 34.
 1 APPPATH/Controllers/CommentController.php(34): CodeIgniter\Debug\Exceptions->errorHandler()
 2 SYSTEMPATH/CodeIgniter.php(934): App\Controllers\CommentController->updateLikeCount()
 3 SYSTEMPATH/CodeIgniter.php(499): CodeIgniter\CodeIgniter->runController()
 4 SYSTEMPATH/CodeIgniter.php(368): CodeIgniter\CodeIgniter->handleRequest()
 5 FCPATH/index.php(67): CodeIgniter\CodeIgniter->run()
CRITICAL - 2023-05-06 16:41:37 --> Undefined variable $user
in APPPATH/Controllers/CommentController.php on line 34.
 1 APPPATH/Controllers/CommentController.php(34): CodeIgniter\Debug\Exceptions->errorHandler()
 2 SYSTEMPATH/CodeIgniter.php(934): App\Controllers\CommentController->updateLikeCount()
 3 SYSTEMPATH/CodeIgniter.php(499): CodeIgniter\CodeIgniter->runController()
 4 SYSTEMPATH/CodeIgniter.php(368): CodeIgniter\CodeIgniter->handleRequest()
 5 FCPATH/index.php(67): CodeIgniter\CodeIgniter->run()
CRITICAL - 2023-05-06 16:42:52 --> Undefined variable $user
in APPPATH/Controllers/CommentController.php on line 34.
 1 APPPATH/Controllers/CommentController.php(34): CodeIgniter\Debug\Exceptions->errorHandler()
 2 SYSTEMPATH/CodeIgniter.php(934): App\Controllers\CommentController->updateLikeCount()
 3 SYSTEMPATH/CodeIgniter.php(499): CodeIgniter\CodeIgniter->runController()
 4 SYSTEMPATH/CodeIgniter.php(368): CodeIgniter\CodeIgniter->handleRequest()
 5 FCPATH/index.php(67): CodeIgniter\CodeIgniter->run()
CRITICAL - 2023-05-06 16:51:10 --> Undefined variable $user
in APPPATH/Controllers/Forum.php on line 71.
 1 APPPATH/Controllers/Forum.php(71): CodeIgniter\Debug\Exceptions->errorHandler()
 2 SYSTEMPATH/CodeIgniter.php(934): App\Controllers\Forum->displayPost()
 3 SYSTEMPATH/CodeIgniter.php(499): CodeIgniter\CodeIgniter->runController()
 4 SYSTEMPATH/CodeIgniter.php(368): CodeIgniter\CodeIgniter->handleRequest()
 5 FCPATH/index.php(67): CodeIgniter\CodeIgniter->run()
CRITICAL - 2023-05-06 16:52:03 --> Undefined variable $user
in APPPATH/Controllers/CommentController.php on line 34.
 1 APPPATH/Controllers/CommentController.php(34): CodeIgniter\Debug\Exceptions->errorHandler()
 2 SYSTEMPATH/CodeIgniter.php(934): App\Controllers\CommentController->updateLikeCount()
 3 SYSTEMPATH/CodeIgniter.php(499): CodeIgniter\CodeIgniter->runController()
 4 SYSTEMPATH/CodeIgniter.php(368): CodeIgniter\CodeIgniter->handleRequest()
 5 FCPATH/index.php(67): CodeIgniter\CodeIgniter->run()
CRITICAL - 2023-05-06 16:52:13 --> Undefined variable $user
in APPPATH/Controllers/CommentController.php on line 34.
 1 APPPATH/Controllers/CommentController.php(34): CodeIgniter\Debug\Exceptions->errorHandler()
 2 SYSTEMPATH/CodeIgniter.php(934): App\Controllers\CommentController->updateLikeCount()
 3 SYSTEMPATH/CodeIgniter.php(499): CodeIgniter\CodeIgniter->runController()
 4 SYSTEMPATH/CodeIgniter.php(368): CodeIgniter\CodeIgniter->handleRequest()
 5 FCPATH/index.php(67): CodeIgniter\CodeIgniter->run()
CRITICAL - 2023-05-06 16:52:14 --> Undefined variable $user
in APPPATH/Controllers/CommentController.php on line 34.
 1 APPPATH/Controllers/CommentController.php(34): CodeIgniter\Debug\Exceptions->errorHandler()
 2 SYSTEMPATH/CodeIgniter.php(934): App\Controllers\CommentController->updateLikeCount()
 3 SYSTEMPATH/CodeIgniter.php(499): CodeIgniter\CodeIgniter->runController()
 4 SYSTEMPATH/CodeIgniter.php(368): CodeIgniter\CodeIgniter->handleRequest()
 5 FCPATH/index.php(67): CodeIgniter\CodeIgniter->run()
CRITICAL - 2023-05-06 16:52:14 --> Undefined variable $user
in APPPATH/Controllers/CommentController.php on line 34.
 1 APPPATH/Controllers/CommentController.php(34): CodeIgniter\Debug\Exceptions->errorHandler()
 2 SYSTEMPATH/CodeIgniter.php(934): App\Controllers\CommentController->updateLikeCount()
 3 SYSTEMPATH/CodeIgniter.php(499): CodeIgniter\CodeIgniter->runController()
 4 SYSTEMPATH/CodeIgniter.php(368): CodeIgniter\CodeIgniter->handleRequest()
 5 FCPATH/index.php(67): CodeIgniter\CodeIgniter->run()
CRITICAL - 2023-05-06 16:52:15 --> Undefined variable $user
in APPPATH/Controllers/CommentController.php on line 34.
 1 APPPATH/Controllers/CommentController.php(34): CodeIgniter\Debug\Exceptions->errorHandler()
 2 SYSTEMPATH/CodeIgniter.php(934): App\Controllers\CommentController->updateLikeCount()
 3 SYSTEMPATH/CodeIgniter.php(499): CodeIgniter\CodeIgniter->runController()
 4 SYSTEMPATH/CodeIgniter.php(368): CodeIgniter\CodeIgniter->handleRequest()
 5 FCPATH/index.php(67): CodeIgniter\CodeIgniter->run()
CRITICAL - 2023-05-06 16:58:34 --> Undefined variable $user
in APPPATH/Controllers/CommentController.php on line 34.
 1 APPPATH/Controllers/CommentController.php(34): CodeIgniter\Debug\Exceptions->errorHandler()
 2 SYSTEMPATH/CodeIgniter.php(934): App\Controllers\CommentController->updateLikeCount()
 3 SYSTEMPATH/CodeIgniter.php(499): CodeIgniter\CodeIgniter->runController()
 4 SYSTEMPATH/CodeIgniter.php(368): CodeIgniter\CodeIgniter->handleRequest()
 5 FCPATH/index.php(67): CodeIgniter\CodeIgniter->run()
CRITICAL - 2023-05-06 17:01:38 --> Undefined variable $user
in APPPATH/Controllers/CommentController.php on line 34.
 1 APPPATH/Controllers/CommentController.php(34): CodeIgniter\Debug\Exceptions->errorHandler()
 2 SYSTEMPATH/CodeIgniter.php(934): App\Controllers\CommentController->updateLikeCount()
 3 SYSTEMPATH/CodeIgniter.php(499): CodeIgniter\CodeIgniter->runController()
 4 SYSTEMPATH/CodeIgniter.php(368): CodeIgniter\CodeIgniter->handleRequest()
 5 FCPATH/index.php(67): CodeIgniter\CodeIgniter->run()
CRITICAL - 2023-05-06 17:01:39 --> Undefined variable $user
in APPPATH/Controllers/CommentController.php on line 34.
 1 APPPATH/Controllers/CommentController.php(34): CodeIgniter\Debug\Exceptions->errorHandler()
 2 SYSTEMPATH/CodeIgniter.php(934): App\Controllers\CommentController->updateLikeCount()
 3 SYSTEMPATH/CodeIgniter.php(499): CodeIgniter\CodeIgniter->runController()
 4 SYSTEMPATH/CodeIgniter.php(368): CodeIgniter\CodeIgniter->handleRequest()
 5 FCPATH/index.php(67): CodeIgniter\CodeIgniter->run()
CRITICAL - 2023-05-06 17:01:39 --> Undefined variable $user
in APPPATH/Controllers/CommentController.php on line 34.
 1 APPPATH/Controllers/CommentController.php(34): CodeIgniter\Debug\Exceptions->errorHandler()
 2 SYSTEMPATH/CodeIgniter.php(934): App\Controllers\CommentController->updateLikeCount()
 3 SYSTEMPATH/CodeIgniter.php(499): CodeIgniter\CodeIgniter->runController()
 4 SYSTEMPATH/CodeIgniter.php(368): CodeIgniter\CodeIgniter->handleRequest()
 5 FCPATH/index.php(67): CodeIgniter\CodeIgniter->run()
CRITICAL - 2023-05-06 17:01:39 --> Undefined variable $user
in APPPATH/Controllers/CommentController.php on line 34.
 1 APPPATH/Controllers/CommentController.php(34): CodeIgniter\Debug\Exceptions->errorHandler()
 2 SYSTEMPATH/CodeIgniter.php(934): App\Controllers\CommentController->updateLikeCount()
 3 SYSTEMPATH/CodeIgniter.php(499): CodeIgniter\CodeIgniter->runController()
 4 SYSTEMPATH/CodeIgniter.php(368): CodeIgniter\CodeIgniter->handleRequest()
 5 FCPATH/index.php(67): CodeIgniter\CodeIgniter->run()
CRITICAL - 2023-05-06 17:08:03 --> Undefined variable $user
in APPPATH/Controllers/CommentController.php on line 34.
 1 APPPATH/Controllers/CommentController.php(34): CodeIgniter\Debug\Exceptions->errorHandler()
 2 SYSTEMPATH/CodeIgniter.php(934): App\Controllers\CommentController->updateLikeCount()
 3 SYSTEMPATH/CodeIgniter.php(499): CodeIgniter\CodeIgniter->runController()
 4 SYSTEMPATH/CodeIgniter.php(368): CodeIgniter\CodeIgniter->handleRequest()
 5 FCPATH/index.php(67): CodeIgniter\CodeIgniter->run()
CRITICAL - 2023-05-06 17:08:03 --> Undefined variable $user
in APPPATH/Controllers/CommentController.php on line 34.
 1 APPPATH/Controllers/CommentController.php(34): CodeIgniter\Debug\Exceptions->errorHandler()
 2 SYSTEMPATH/CodeIgniter.php(934): App\Controllers\CommentController->updateLikeCount()
 3 SYSTEMPATH/CodeIgniter.php(499): CodeIgniter\CodeIgniter->runController()
 4 SYSTEMPATH/CodeIgniter.php(368): CodeIgniter\CodeIgniter->handleRequest()
 5 FCPATH/index.php(67): CodeIgniter\CodeIgniter->run()
CRITICAL - 2023-05-06 17:08:03 --> Undefined variable $user
in APPPATH/Controllers/CommentController.php on line 34.
 1 APPPATH/Controllers/CommentController.php(34): CodeIgniter\Debug\Exceptions->errorHandler()
 2 SYSTEMPATH/CodeIgniter.php(934): App\Controllers\CommentController->updateLikeCount()
 3 SYSTEMPATH/CodeIgniter.php(499): CodeIgniter\CodeIgniter->runController()
 4 SYSTEMPATH/CodeIgniter.php(368): CodeIgniter\CodeIgniter->handleRequest()
 5 FCPATH/index.php(67): CodeIgniter\CodeIgniter->run()
CRITICAL - 2023-05-06 17:09:55 --> Undefined variable $user
in APPPATH/Controllers/CommentController.php on line 34.
 1 APPPATH/Controllers/CommentController.php(34): CodeIgniter\Debug\Exceptions->errorHandler()
 2 SYSTEMPATH/CodeIgniter.php(934): App\Controllers\CommentController->updateLikeCount()
 3 SYSTEMPATH/CodeIgniter.php(499): CodeIgniter\CodeIgniter->runController()
 4 SYSTEMPATH/CodeIgniter.php(368): CodeIgniter\CodeIgniter->handleRequest()
 5 FCPATH/index.php(67): CodeIgniter\CodeIgniter->run()
CRITICAL - 2023-05-06 17:09:56 --> Undefined variable $user
in APPPATH/Controllers/CommentController.php on line 34.
 1 APPPATH/Controllers/CommentController.php(34): CodeIgniter\Debug\Exceptions->errorHandler()
 2 SYSTEMPATH/CodeIgniter.php(934): App\Controllers\CommentController->updateLikeCount()
 3 SYSTEMPATH/CodeIgniter.php(499): CodeIgniter\CodeIgniter->runController()
 4 SYSTEMPATH/CodeIgniter.php(368): CodeIgniter\CodeIgniter->handleRequest()
 5 FCPATH/index.php(67): CodeIgniter\CodeIgniter->run()
CRITICAL - 2023-05-06 17:12:13 --> Undefined variable $user
in APPPATH/Controllers/CommentController.php on line 34.
 1 APPPATH/Controllers/CommentController.php(34): CodeIgniter\Debug\Exceptions->errorHandler()
 2 SYSTEMPATH/CodeIgniter.php(934): App\Controllers\CommentController->updateLikeCount()
 3 SYSTEMPATH/CodeIgniter.php(499): CodeIgniter\CodeIgniter->runController()
 4 SYSTEMPATH/CodeIgniter.php(368): CodeIgniter\CodeIgniter->handleRequest()
 5 FCPATH/index.php(67): CodeIgniter\CodeIgniter->run()
CRITICAL - 2023-05-06 17:15:23 --> Undefined variable $user
in APPPATH/Controllers/CommentController.php on line 34.
 1 APPPATH/Controllers/CommentController.php(34): CodeIgniter\Debug\Exceptions->errorHandler()
 2 SYSTEMPATH/CodeIgniter.php(934): App\Controllers\CommentController->updateLikeCount()
 3 SYSTEMPATH/CodeIgniter.php(499): CodeIgniter\CodeIgniter->runController()
 4 SYSTEMPATH/CodeIgniter.php(368): CodeIgniter\CodeIgniter->handleRequest()
 5 FCPATH/index.php(67): CodeIgniter\CodeIgniter->run()
CRITICAL - 2023-05-06 17:17:33 --> Undefined variable $user
in APPPATH/Controllers/CommentController.php on line 34.
 1 APPPATH/Controllers/CommentController.php(34): CodeIgniter\Debug\Exceptions->errorHandler()
 2 SYSTEMPATH/CodeIgniter.php(934): App\Controllers\CommentController->updateLikeCount()
 3 SYSTEMPATH/CodeIgniter.php(499): CodeIgniter\CodeIgniter->runController()
 4 SYSTEMPATH/CodeIgniter.php(368): CodeIgniter\CodeIgniter->handleRequest()
 5 FCPATH/index.php(67): CodeIgniter\CodeIgniter->run()
CRITICAL - 2023-05-06 17:21:10 --> Undefined variable $user
in APPPATH/Controllers/CommentController.php on line 34.
 1 APPPATH/Controllers/CommentController.php(34): CodeIgniter\Debug\Exceptions->errorHandler()
 2 SYSTEMPATH/CodeIgniter.php(934): App\Controllers\CommentController->updateLikeCount()
 3 SYSTEMPATH/CodeIgniter.php(499): CodeIgniter\CodeIgniter->runController()
 4 SYSTEMPATH/CodeIgniter.php(368): CodeIgniter\CodeIgniter->handleRequest()
 5 FCPATH/index.php(67): CodeIgniter\CodeIgniter->run()
CRITICAL - 2023-05-06 17:22:09 --> Undefined variable $user
in APPPATH/Controllers/CommentController.php on line 34.
 1 APPPATH/Controllers/CommentController.php(34): CodeIgniter\Debug\Exceptions->errorHandler()
 2 SYSTEMPATH/CodeIgniter.php(934): App\Controllers\CommentController->updateLikeCount()
 3 SYSTEMPATH/CodeIgniter.php(499): CodeIgniter\CodeIgniter->runController()
 4 SYSTEMPATH/CodeIgniter.php(368): CodeIgniter\CodeIgniter->handleRequest()
 5 FCPATH/index.php(67): CodeIgniter\CodeIgniter->run()
CRITICAL - 2023-05-06 17:22:11 --> Undefined variable $user
in APPPATH/Controllers/CommentController.php on line 34.
 1 APPPATH/Controllers/CommentController.php(34): CodeIgniter\Debug\Exceptions->errorHandler()
 2 SYSTEMPATH/CodeIgniter.php(934): App\Controllers\CommentController->updateLikeCount()
 3 SYSTEMPATH/CodeIgniter.php(499): CodeIgniter\CodeIgniter->runController()
 4 SYSTEMPATH/CodeIgniter.php(368): CodeIgniter\CodeIgniter->handleRequest()
 5 FCPATH/index.php(67): CodeIgniter\CodeIgniter->run()
CRITICAL - 2023-05-06 17:22:11 --> Undefined variable $user
in APPPATH/Controllers/CommentController.php on line 34.
 1 APPPATH/Controllers/CommentController.php(34): CodeIgniter\Debug\Exceptions->errorHandler()
 2 SYSTEMPATH/CodeIgniter.php(934): App\Controllers\CommentController->updateLikeCount()
 3 SYSTEMPATH/CodeIgniter.php(499): CodeIgniter\CodeIgniter->runController()
 4 SYSTEMPATH/CodeIgniter.php(368): CodeIgniter\CodeIgniter->handleRequest()
 5 FCPATH/index.php(67): CodeIgniter\CodeIgniter->run()
CRITICAL - 2023-05-06 17:23:49 --> Undefined variable $user
in APPPATH/Controllers/CommentController.php on line 34.
 1 APPPATH/Controllers/CommentController.php(34): CodeIgniter\Debug\Exceptions->errorHandler()
 2 SYSTEMPATH/CodeIgniter.php(934): App\Controllers\CommentController->updateLikeCount()
 3 SYSTEMPATH/CodeIgniter.php(499): CodeIgniter\CodeIgniter->runController()
 4 SYSTEMPATH/CodeIgniter.php(368): CodeIgniter\CodeIgniter->handleRequest()
 5 FCPATH/index.php(67): CodeIgniter\CodeIgniter->run()
CRITICAL - 2023-05-06 17:26:05 --> Undefined variable $user
in APPPATH/Controllers/CommentController.php on line 34.
 1 APPPATH/Controllers/CommentController.php(34): CodeIgniter\Debug\Exceptions->errorHandler()
 2 SYSTEMPATH/CodeIgniter.php(934): App\Controllers\CommentController->updateLikeCount()
 3 SYSTEMPATH/CodeIgniter.php(499): CodeIgniter\CodeIgniter->runController()
 4 SYSTEMPATH/CodeIgniter.php(368): CodeIgniter\CodeIgniter->handleRequest()
 5 FCPATH/index.php(67): CodeIgniter\CodeIgniter->run()
CRITICAL - 2023-05-06 17:26:06 --> Undefined variable $user
in APPPATH/Controllers/CommentController.php on line 34.
 1 APPPATH/Controllers/CommentController.php(34): CodeIgniter\Debug\Exceptions->errorHandler()
 2 SYSTEMPATH/CodeIgniter.php(934): App\Controllers\CommentController->updateLikeCount()
 3 SYSTEMPATH/CodeIgniter.php(499): CodeIgniter\CodeIgniter->runController()
 4 SYSTEMPATH/CodeIgniter.php(368): CodeIgniter\CodeIgniter->handleRequest()
 5 FCPATH/index.php(67): CodeIgniter\CodeIgniter->run()
CRITICAL - 2023-05-06 17:33:42 --> Undefined variable $newLikeCount
in APPPATH/Models/Post_model.php on line 83.
 1 APPPATH/Models/Post_model.php(83): CodeIgniter\Debug\Exceptions->errorHandler()
 2 APPPATH/Controllers/CommentController.php(34): App\Models\Post_model->toggleLike()
 3 SYSTEMPATH/CodeIgniter.php(934): App\Controllers\CommentController->updateLikeCount()
 4 SYSTEMPATH/CodeIgniter.php(499): CodeIgniter\CodeIgniter->runController()
 5 SYSTEMPATH/CodeIgniter.php(368): CodeIgniter\CodeIgniter->handleRequest()
 6 FCPATH/index.php(67): CodeIgniter\CodeIgniter->run()
CRITICAL - 2023-05-06 17:33:43 --> Undefined variable $newLikeCount
in APPPATH/Models/Post_model.php on line 83.
 1 APPPATH/Models/Post_model.php(83): CodeIgniter\Debug\Exceptions->errorHandler()
 2 APPPATH/Controllers/CommentController.php(34): App\Models\Post_model->toggleLike()
 3 SYSTEMPATH/CodeIgniter.php(934): App\Controllers\CommentController->updateLikeCount()
 4 SYSTEMPATH/CodeIgniter.php(499): CodeIgniter\CodeIgniter->runController()
 5 SYSTEMPATH/CodeIgniter.php(368): CodeIgniter\CodeIgniter->handleRequest()
 6 FCPATH/index.php(67): CodeIgniter\CodeIgniter->run()
CRITICAL - 2023-05-06 17:35:05 --> Undefined variable $newLikeCount
in APPPATH/Models/Post_model.php on line 83.
 1 APPPATH/Models/Post_model.php(83): CodeIgniter\Debug\Exceptions->errorHandler()
 2 APPPATH/Controllers/CommentController.php(34): App\Models\Post_model->toggleLike()
 3 SYSTEMPATH/CodeIgniter.php(934): App\Controllers\CommentController->updateLikeCount()
 4 SYSTEMPATH/CodeIgniter.php(499): CodeIgniter\CodeIgniter->runController()
 5 SYSTEMPATH/CodeIgniter.php(368): CodeIgniter\CodeIgniter->handleRequest()
 6 FCPATH/index.php(67): CodeIgniter\CodeIgniter->run()
CRITICAL - 2023-05-06 17:35:18 --> Undefined variable $newLikeCount
in APPPATH/Models/Post_model.php on line 83.
 1 APPPATH/Models/Post_model.php(83): CodeIgniter\Debug\Exceptions->errorHandler()
 2 APPPATH/Controllers/CommentController.php(34): App\Models\Post_model->toggleLike()
 3 SYSTEMPATH/CodeIgniter.php(934): App\Controllers\CommentController->updateLikeCount()
 4 SYSTEMPATH/CodeIgniter.php(499): CodeIgniter\CodeIgniter->runController()
 5 SYSTEMPATH/CodeIgniter.php(368): CodeIgniter\CodeIgniter->handleRequest()
 6 FCPATH/index.php(67): CodeIgniter\CodeIgniter->run()
CRITICAL - 2023-05-06 17:36:26 --> Undefined variable $newLikeCount
in APPPATH/Models/Post_model.php on line 83.
 1 APPPATH/Models/Post_model.php(83): CodeIgniter\Debug\Exceptions->errorHandler()
 2 APPPATH/Controllers/CommentController.php(37): App\Models\Post_model->toggleLike()
 3 SYSTEMPATH/CodeIgniter.php(934): App\Controllers\CommentController->updateLikeCount()
 4 SYSTEMPATH/CodeIgniter.php(499): CodeIgniter\CodeIgniter->runController()
 5 SYSTEMPATH/CodeIgniter.php(368): CodeIgniter\CodeIgniter->handleRequest()
 6 FCPATH/index.php(67): CodeIgniter\CodeIgniter->run()
CRITICAL - 2023-05-06 17:43:10 --> Undefined variable $newLikeCount
in APPPATH/Models/Post_model.php on line 83.
 1 APPPATH/Models/Post_model.php(83): CodeIgniter\Debug\Exceptions->errorHandler()
 2 APPPATH/Controllers/CommentController.php(34): App\Models\Post_model->toggleLike()
 3 SYSTEMPATH/CodeIgniter.php(934): App\Controllers\CommentController->updateLikeCount()
 4 SYSTEMPATH/CodeIgniter.php(499): CodeIgniter\CodeIgniter->runController()
 5 SYSTEMPATH/CodeIgniter.php(368): CodeIgniter\CodeIgniter->handleRequest()
 6 FCPATH/index.php(67): CodeIgniter\CodeIgniter->run()
CRITICAL - 2023-05-06 17:44:50 --> Undefined variable $newLikeCount
in APPPATH/Models/Post_model.php on line 83.
 1 APPPATH/Models/Post_model.php(83): CodeIgniter\Debug\Exceptions->errorHandler()
 2 APPPATH/Controllers/CommentController.php(34): App\Models\Post_model->toggleLike()
 3 SYSTEMPATH/CodeIgniter.php(934): App\Controllers\CommentController->updateLikeCount()
 4 SYSTEMPATH/CodeIgniter.php(499): CodeIgniter\CodeIgniter->runController()
 5 SYSTEMPATH/CodeIgniter.php(368): CodeIgniter\CodeIgniter->handleRequest()
 6 FCPATH/index.php(67): CodeIgniter\CodeIgniter->run()
CRITICAL - 2023-05-06 17:44:50 --> Undefined variable $newLikeCount
in APPPATH/Models/Post_model.php on line 83.
 1 APPPATH/Models/Post_model.php(83): CodeIgniter\Debug\Exceptions->errorHandler()
 2 APPPATH/Controllers/CommentController.php(34): App\Models\Post_model->toggleLike()
 3 SYSTEMPATH/CodeIgniter.php(934): App\Controllers\CommentController->updateLikeCount()
 4 SYSTEMPATH/CodeIgniter.php(499): CodeIgniter\CodeIgniter->runController()
 5 SYSTEMPATH/CodeIgniter.php(368): CodeIgniter\CodeIgniter->handleRequest()
 6 FCPATH/index.php(67): CodeIgniter\CodeIgniter->run()
CRITICAL - 2023-05-06 17:45:31 --> Undefined variable $newLikeCount
in APPPATH/Models/Post_model.php on line 83.
 1 APPPATH/Models/Post_model.php(83): CodeIgniter\Debug\Exceptions->errorHandler()
 2 APPPATH/Controllers/CommentController.php(35): App\Models\Post_model->toggleLike()
 3 SYSTEMPATH/CodeIgniter.php(934): App\Controllers\CommentController->updateLikeCount()
 4 SYSTEMPATH/CodeIgniter.php(499): CodeIgniter\CodeIgniter->runController()
 5 SYSTEMPATH/CodeIgniter.php(368): CodeIgniter\CodeIgniter->handleRequest()
 6 FCPATH/index.php(67): CodeIgniter\CodeIgniter->run()
CRITICAL - 2023-05-06 17:45:31 --> Undefined variable $newLikeCount
in APPPATH/Models/Post_model.php on line 83.
 1 APPPATH/Models/Post_model.php(83): CodeIgniter\Debug\Exceptions->errorHandler()
 2 APPPATH/Controllers/CommentController.php(35): App\Models\Post_model->toggleLike()
 3 SYSTEMPATH/CodeIgniter.php(934): App\Controllers\CommentController->updateLikeCount()
 4 SYSTEMPATH/CodeIgniter.php(499): CodeIgniter\CodeIgniter->runController()
 5 SYSTEMPATH/CodeIgniter.php(368): CodeIgniter\CodeIgniter->handleRequest()
 6 FCPATH/index.php(67): CodeIgniter\CodeIgniter->run()
CRITICAL - 2023-05-06 17:45:31 --> Undefined variable $newLikeCount
in APPPATH/Models/Post_model.php on line 83.
 1 APPPATH/Models/Post_model.php(83): CodeIgniter\Debug\Exceptions->errorHandler()
 2 APPPATH/Controllers/CommentController.php(35): App\Models\Post_model->toggleLike()
 3 SYSTEMPATH/CodeIgniter.php(934): App\Controllers\CommentController->updateLikeCount()
 4 SYSTEMPATH/CodeIgniter.php(499): CodeIgniter\CodeIgniter->runController()
 5 SYSTEMPATH/CodeIgniter.php(368): CodeIgniter\CodeIgniter->handleRequest()
 6 FCPATH/index.php(67): CodeIgniter\CodeIgniter->run()
CRITICAL - 2023-05-06 17:46:40 --> Undefined variable $newLikeCount
in APPPATH/Models/Post_model.php on line 83.
 1 APPPATH/Models/Post_model.php(83): CodeIgniter\Debug\Exceptions->errorHandler()
 2 APPPATH/Controllers/CommentController.php(35): App\Models\Post_model->toggleLike()
 3 SYSTEMPATH/CodeIgniter.php(934): App\Controllers\CommentController->updateLikeCount()
 4 SYSTEMPATH/CodeIgniter.php(499): CodeIgniter\CodeIgniter->runController()
 5 SYSTEMPATH/CodeIgniter.php(368): CodeIgniter\CodeIgniter->handleRequest()
 6 FCPATH/index.php(67): CodeIgniter\CodeIgniter->run()
CRITICAL - 2023-05-06 17:46:41 --> Undefined variable $newLikeCount
in APPPATH/Models/Post_model.php on line 83.
 1 APPPATH/Models/Post_model.php(83): CodeIgniter\Debug\Exceptions->errorHandler()
 2 APPPATH/Controllers/CommentController.php(35): App\Models\Post_model->toggleLike()
 3 SYSTEMPATH/CodeIgniter.php(934): App\Controllers\CommentController->updateLikeCount()
 4 SYSTEMPATH/CodeIgniter.php(499): CodeIgniter\CodeIgniter->runController()
 5 SYSTEMPATH/CodeIgniter.php(368): CodeIgniter\CodeIgniter->handleRequest()
 6 FCPATH/index.php(67): CodeIgniter\CodeIgniter->run()
CRITICAL - 2023-05-06 17:48:31 --> Undefined variable $newLikeCount
in APPPATH/Models/Post_model.php on line 83.
 1 APPPATH/Models/Post_model.php(83): CodeIgniter\Debug\Exceptions->errorHandler()
 2 APPPATH/Controllers/CommentController.php(35): App\Models\Post_model->toggleLike()
 3 SYSTEMPATH/CodeIgniter.php(934): App\Controllers\CommentController->updateLikeCount()
 4 SYSTEMPATH/CodeIgniter.php(499): CodeIgniter\CodeIgniter->runController()
 5 SYSTEMPATH/CodeIgniter.php(368): CodeIgniter\CodeIgniter->handleRequest()
 6 FCPATH/index.php(67): CodeIgniter\CodeIgniter->run()
CRITICAL - 2023-05-06 17:49:52 --> Undefined variable $newLikeCount
in APPPATH/Models/Post_model.php on line 83.
 1 APPPATH/Models/Post_model.php(83): CodeIgniter\Debug\Exceptions->errorHandler()
 2 APPPATH/Controllers/CommentController.php(35): App\Models\Post_model->toggleLike()
 3 SYSTEMPATH/CodeIgniter.php(934): App\Controllers\CommentController->updateLikeCount()
 4 SYSTEMPATH/CodeIgniter.php(499): CodeIgniter\CodeIgniter->runController()
 5 SYSTEMPATH/CodeIgniter.php(368): CodeIgniter\CodeIgniter->handleRequest()
 6 FCPATH/index.php(67): CodeIgniter\CodeIgniter->run()
CRITICAL - 2023-05-06 18:06:40 --> Undefined variable $post
in APPPATH/Controllers/CommentController.php on line 39.
 1 APPPATH/Controllers/CommentController.php(39): CodeIgniter\Debug\Exceptions->errorHandler()
 2 SYSTEMPATH/CodeIgniter.php(934): App\Controllers\CommentController->updateLikeCount()
 3 SYSTEMPATH/CodeIgniter.php(499): CodeIgniter\CodeIgniter->runController()
 4 SYSTEMPATH/CodeIgniter.php(368): CodeIgniter\CodeIgniter->handleRequest()
 5 FCPATH/index.php(67): CodeIgniter\CodeIgniter->run()
CRITICAL - 2023-05-06 18:07:22 --> Undefined variable $post
in APPPATH/Controllers/CommentController.php on line 39.
 1 APPPATH/Controllers/CommentController.php(39): CodeIgniter\Debug\Exceptions->errorHandler()
 2 SYSTEMPATH/CodeIgniter.php(934): App\Controllers\CommentController->updateLikeCount()
 3 SYSTEMPATH/CodeIgniter.php(499): CodeIgniter\CodeIgniter->runController()
 4 SYSTEMPATH/CodeIgniter.php(368): CodeIgniter\CodeIgniter->handleRequest()
 5 FCPATH/index.php(67): CodeIgniter\CodeIgniter->run()
CRITICAL - 2023-05-06 18:07:24 --> Undefined variable $post
in APPPATH/Controllers/CommentController.php on line 39.
 1 APPPATH/Controllers/CommentController.php(39): CodeIgniter\Debug\Exceptions->errorHandler()
 2 SYSTEMPATH/CodeIgniter.php(934): App\Controllers\CommentController->updateLikeCount()
 3 SYSTEMPATH/CodeIgniter.php(499): CodeIgniter\CodeIgniter->runController()
 4 SYSTEMPATH/CodeIgniter.php(368): CodeIgniter\CodeIgniter->handleRequest()
 5 FCPATH/index.php(67): CodeIgniter\CodeIgniter->run()
CRITICAL - 2023-05-06 18:14:11 --> Undefined variable $newLikeCount
in APPPATH/Models/Post_model.php on line 83.
 1 APPPATH/Models/Post_model.php(83): CodeIgniter\Debug\Exceptions->errorHandler()
 2 APPPATH/Controllers/CommentController.php(35): App\Models\Post_model->toggleLike()
 3 SYSTEMPATH/CodeIgniter.php(934): App\Controllers\CommentController->updateLikeCount()
 4 SYSTEMPATH/CodeIgniter.php(499): CodeIgniter\CodeIgniter->runController()
 5 SYSTEMPATH/CodeIgniter.php(368): CodeIgniter\CodeIgniter->handleRequest()
 6 FCPATH/index.php(67): CodeIgniter\CodeIgniter->run()
CRITICAL - 2023-05-06 18:18:33 --> Undefined variable $newLikeCount
in APPPATH/Models/Post_model.php on line 83.
 1 APPPATH/Models/Post_model.php(83): CodeIgniter\Debug\Exceptions->errorHandler()
 2 APPPATH/Controllers/CommentController.php(35): App\Models\Post_model->toggleLike()
 3 SYSTEMPATH/CodeIgniter.php(934): App\Controllers\CommentController->updateLikeCount()
 4 SYSTEMPATH/CodeIgniter.php(499): CodeIgniter\CodeIgniter->runController()
 5 SYSTEMPATH/CodeIgniter.php(368): CodeIgniter\CodeIgniter->handleRequest()
 6 FCPATH/index.php(67): CodeIgniter\CodeIgniter->run()
CRITICAL - 2023-05-06 18:18:45 --> Undefined variable $newLikeCount
in APPPATH/Models/Post_model.php on line 83.
 1 APPPATH/Models/Post_model.php(83): CodeIgniter\Debug\Exceptions->errorHandler()
 2 APPPATH/Controllers/CommentController.php(35): App\Models\Post_model->toggleLike()
 3 SYSTEMPATH/CodeIgniter.php(934): App\Controllers\CommentController->updateLikeCount()
 4 SYSTEMPATH/CodeIgniter.php(499): CodeIgniter\CodeIgniter->runController()
 5 SYSTEMPATH/CodeIgniter.php(368): CodeIgniter\CodeIgniter->handleRequest()
 6 FCPATH/index.php(67): CodeIgniter\CodeIgniter->run()
CRITICAL - 2023-05-06 18:19:01 --> Undefined variable $newLikeCount
in APPPATH/Models/Post_model.php on line 83.
 1 APPPATH/Models/Post_model.php(83): CodeIgniter\Debug\Exceptions->errorHandler()
 2 APPPATH/Controllers/CommentController.php(35): App\Models\Post_model->toggleLike()
 3 SYSTEMPATH/CodeIgniter.php(934): App\Controllers\CommentController->updateLikeCount()
 4 SYSTEMPATH/CodeIgniter.php(499): CodeIgniter\CodeIgniter->runController()
 5 SYSTEMPATH/CodeIgniter.php(368): CodeIgniter\CodeIgniter->handleRequest()
 6 FCPATH/index.php(67): CodeIgniter\CodeIgniter->run()
CRITICAL - 2023-05-06 18:19:12 --> Undefined variable $newLikeCount
in APPPATH/Models/Post_model.php on line 83.
 1 APPPATH/Models/Post_model.php(83): CodeIgniter\Debug\Exceptions->errorHandler()
 2 APPPATH/Controllers/CommentController.php(35): App\Models\Post_model->toggleLike()
 3 SYSTEMPATH/CodeIgniter.php(934): App\Controllers\CommentController->updateLikeCount()
 4 SYSTEMPATH/CodeIgniter.php(499): CodeIgniter\CodeIgniter->runController()
 5 SYSTEMPATH/CodeIgniter.php(368): CodeIgniter\CodeIgniter->handleRequest()
 6 FCPATH/index.php(67): CodeIgniter\CodeIgniter->run()
CRITICAL - 2023-05-06 18:23:18 --> Cannot use object of type stdClass as array
in APPPATH/Controllers/CommentController.php on line 38.
 1 SYSTEMPATH/CodeIgniter.php(934): App\Controllers\CommentController->updateLikeCount()
 2 SYSTEMPATH/CodeIgniter.php(499): CodeIgniter\CodeIgniter->runController()
 3 SYSTEMPATH/CodeIgniter.php(368): CodeIgniter\CodeIgniter->handleRequest()
 4 FCPATH/index.php(67): CodeIgniter\CodeIgniter->run()
CRITICAL - 2023-05-06 18:25:07 --> Cannot use object of type stdClass as array
in APPPATH/Controllers/CommentController.php on line 38.
 1 SYSTEMPATH/CodeIgniter.php(934): App\Controllers\CommentController->updateLikeCount()
 2 SYSTEMPATH/CodeIgniter.php(499): CodeIgniter\CodeIgniter->runController()
 3 SYSTEMPATH/CodeIgniter.php(368): CodeIgniter\CodeIgniter->handleRequest()
 4 FCPATH/index.php(67): CodeIgniter\CodeIgniter->run()
CRITICAL - 2023-05-06 18:29:19 --> Cannot use object of type stdClass as array
in APPPATH/Controllers/CommentController.php on line 38.
 1 SYSTEMPATH/CodeIgniter.php(934): App\Controllers\CommentController->updateLikeCount()
 2 SYSTEMPATH/CodeIgniter.php(499): CodeIgniter\CodeIgniter->runController()
 3 SYSTEMPATH/CodeIgniter.php(368): CodeIgniter\CodeIgniter->handleRequest()
 4 FCPATH/index.php(67): CodeIgniter\CodeIgniter->run()
