CRITICAL - 2023-04-19 07:19:27 --> Undefined variable $defaultProfilePic
in APPPATH/Controllers/Register.php on line 48.
 1 APPPATH/Controllers/Register.php(48): CodeIgniter\Debug\Exceptions->errorHandler()
 2 SYSTEMPATH/CodeIgniter.php(934): App\Controllers\Register->index()
 3 SYSTEMPATH/CodeIgniter.php(499): CodeIgniter\CodeIgniter->runController()
 4 SYSTEMPATH/CodeIgniter.php(368): CodeIgniter\CodeIgniter->handleRequest()
 5 FCPATH/index.php(67): CodeIgniter\CodeIgniter->run()
ERROR - 2023-04-19 07:24:43 --> Email: Unable to send email using SMTP. Your server might not be configured to send mail using this method.
ERROR - 2023-04-19 07:24:43 --> 220 mailhub.eait.uq.edu.au ESMTP Sendmail 8.15.1/8.15.1; Wed, 19 Apr 2023 17:24:38 +1000 (AEST)

hello: 250-mailhub.eait.uq.edu.au Hello infs3202-ed18d3de.zones.eait.uq.edu.au [172.23.83.216], pleased to meet you
250-ENHANCEDSTATUSCODES
250-PIPELINING
250-8BITMIME
250-SIZE 67108864
250-DSN
250-ETRN
250-STARTTLS
250-DELIVERBY
250 HELP

from: 
The following SMTP error was encountered: 
quit: 250 2.1.0 <s4682249@student.uq.edu.au>... Sender ok

The following SMTP error was encountered: 250 2.1.0 <s4682249@student.uq.edu.au>... Sender ok

ERROR - 2023-04-19 07:24:43 --> Failed to send verification email to caiyingzhengrey@gmail.com
CRITICAL - 2023-04-19 07:36:15 --> Trying to access array offset on value of type null
in APPPATH/Controllers/Login.php on line 53.
 1 APPPATH/Controllers/Login.php(53): CodeIgniter\Debug\Exceptions->errorHandler()
 2 SYSTEMPATH/CodeIgniter.php(934): App\Controllers\Login->check_login()
 3 SYSTEMPATH/CodeIgniter.php(499): CodeIgniter\CodeIgniter->runController()
 4 SYSTEMPATH/CodeIgniter.php(368): CodeIgniter\CodeIgniter->handleRequest()
 5 FCPATH/index.php(67): CodeIgniter\CodeIgniter->run()
CRITICAL - 2023-04-19 07:36:57 --> Trying to access array offset on value of type null
in APPPATH/Controllers/Login.php on line 53.
 1 APPPATH/Controllers/Login.php(53): CodeIgniter\Debug\Exceptions->errorHandler()
 2 SYSTEMPATH/CodeIgniter.php(934): App\Controllers\Login->check_login()
 3 SYSTEMPATH/CodeIgniter.php(499): CodeIgniter\CodeIgniter->runController()
 4 SYSTEMPATH/CodeIgniter.php(368): CodeIgniter\CodeIgniter->handleRequest()
 5 FCPATH/index.php(67): CodeIgniter\CodeIgniter->run()
CRITICAL - 2023-04-19 07:37:26 --> Trying to access array offset on value of type null
in APPPATH/Controllers/Login.php on line 53.
 1 APPPATH/Controllers/Login.php(53): CodeIgniter\Debug\Exceptions->errorHandler()
 2 SYSTEMPATH/CodeIgniter.php(934): App\Controllers\Login->check_login()
 3 SYSTEMPATH/CodeIgniter.php(499): CodeIgniter\CodeIgniter->runController()
 4 SYSTEMPATH/CodeIgniter.php(368): CodeIgniter\CodeIgniter->handleRequest()
 5 FCPATH/index.php(67): CodeIgniter\CodeIgniter->run()
CRITICAL - 2023-04-19 07:37:37 --> Trying to access array offset on value of type null
in APPPATH/Controllers/Login.php on line 53.
 1 APPPATH/Controllers/Login.php(53): CodeIgniter\Debug\Exceptions->errorHandler()
 2 SYSTEMPATH/CodeIgniter.php(934): App\Controllers\Login->check_login()
 3 SYSTEMPATH/CodeIgniter.php(499): CodeIgniter\CodeIgniter->runController()
 4 SYSTEMPATH/CodeIgniter.php(368): CodeIgniter\CodeIgniter->handleRequest()
 5 FCPATH/index.php(67): CodeIgniter\CodeIgniter->run()
CRITICAL - 2023-04-19 12:12:18 --> Class "App\Controllers\User_model" not found
in APPPATH/Controllers/Login.php on line 10.
 1 SYSTEMPATH/CodeIgniter.php(934): App\Controllers\Login->index()
 2 SYSTEMPATH/CodeIgniter.php(499): CodeIgniter\CodeIgniter->runController()
 3 SYSTEMPATH/CodeIgniter.php(368): CodeIgniter\CodeIgniter->handleRequest()
 4 FCPATH/index.php(67): CodeIgniter\CodeIgniter->run()
