CRITICAL - 2023-05-09 11:48:55 --> Image source not readable
in VENDORPATH/intervention/image/src/Intervention/Image/AbstractDecoder.php on line 351.
 1 VENDORPATH/intervention/image/src/Intervention/Image/AbstractDriver.php(66): Intervention\Image\AbstractDecoder->init()
 2 VENDORPATH/intervention/image/src/Intervention/Image/ImageManager.php(54): Intervention\Image\AbstractDriver->init()
 3 APPPATH/Controllers/Forum.php(84): Intervention\Image\ImageManager->make()
 4 APPPATH/Controllers/Forum.php(68): App\Controllers\Forum->addWaterMark()
 5 APPPATH/Controllers/Forum.php(46): App\Controllers\Forum->uploadMultipleFiles()
 6 SYSTEMPATH/CodeIgniter.php(934): App\Controllers\Forum->save()
 7 SYSTEMPATH/CodeIgniter.php(499): CodeIgniter\CodeIgniter->runController()
 8 SYSTEMPATH/CodeIgniter.php(368): CodeIgniter\CodeIgniter->handleRequest()
 9 FCPATH/index.php(69): CodeIgniter\CodeIgniter->run()
CRITICAL - 2023-05-09 11:55:01 --> Image source not readable
in VENDORPATH/intervention/image/src/Intervention/Image/AbstractDecoder.php on line 351.
 1 VENDORPATH/intervention/image/src/Intervention/Image/AbstractDriver.php(66): Intervention\Image\AbstractDecoder->init()
 2 VENDORPATH/intervention/image/src/Intervention/Image/ImageManager.php(54): Intervention\Image\AbstractDriver->init()
 3 APPPATH/Controllers/Forum.php(84): Intervention\Image\ImageManager->make()
 4 APPPATH/Controllers/Forum.php(68): App\Controllers\Forum->addWaterMark()
 5 APPPATH/Controllers/Forum.php(46): App\Controllers\Forum->uploadMultipleFiles()
 6 SYSTEMPATH/CodeIgniter.php(934): App\Controllers\Forum->save()
 7 SYSTEMPATH/CodeIgniter.php(499): CodeIgniter\CodeIgniter->runController()
 8 SYSTEMPATH/CodeIgniter.php(368): CodeIgniter\CodeIgniter->handleRequest()
 9 FCPATH/index.php(69): CodeIgniter\CodeIgniter->run()
CRITICAL - 2023-05-09 11:56:13 --> Image source not readable
in VENDORPATH/intervention/image/src/Intervention/Image/AbstractDecoder.php on line 351.
 1 VENDORPATH/intervention/image/src/Intervention/Image/AbstractDriver.php(66): Intervention\Image\AbstractDecoder->init()
 2 VENDORPATH/intervention/image/src/Intervention/Image/ImageManager.php(54): Intervention\Image\AbstractDriver->init()
 3 APPPATH/Controllers/Forum.php(84): Intervention\Image\ImageManager->make()
 4 APPPATH/Controllers/Forum.php(68): App\Controllers\Forum->addWaterMark()
 5 APPPATH/Controllers/Forum.php(46): App\Controllers\Forum->uploadMultipleFiles()
 6 SYSTEMPATH/CodeIgniter.php(934): App\Controllers\Forum->save()
 7 SYSTEMPATH/CodeIgniter.php(499): CodeIgniter\CodeIgniter->runController()
 8 SYSTEMPATH/CodeIgniter.php(368): CodeIgniter\CodeIgniter->handleRequest()
 9 FCPATH/index.php(69): CodeIgniter\CodeIgniter->run()
CRITICAL - 2023-05-09 11:56:15 --> Image source not readable
in VENDORPATH/intervention/image/src/Intervention/Image/AbstractDecoder.php on line 351.
 1 VENDORPATH/intervention/image/src/Intervention/Image/AbstractDriver.php(66): Intervention\Image\AbstractDecoder->init()
 2 VENDORPATH/intervention/image/src/Intervention/Image/ImageManager.php(54): Intervention\Image\AbstractDriver->init()
 3 APPPATH/Controllers/Forum.php(84): Intervention\Image\ImageManager->make()
 4 APPPATH/Controllers/Forum.php(68): App\Controllers\Forum->addWaterMark()
 5 APPPATH/Controllers/Forum.php(46): App\Controllers\Forum->uploadMultipleFiles()
 6 SYSTEMPATH/CodeIgniter.php(934): App\Controllers\Forum->save()
 7 SYSTEMPATH/CodeIgniter.php(499): CodeIgniter\CodeIgniter->runController()
 8 SYSTEMPATH/CodeIgniter.php(368): CodeIgniter\CodeIgniter->handleRequest()
 9 FCPATH/index.php(69): CodeIgniter\CodeIgniter->run()
CRITICAL - 2023-05-09 12:02:43 --> Image source not readable
in VENDORPATH/intervention/image/src/Intervention/Image/AbstractDecoder.php on line 351.
 1 VENDORPATH/intervention/image/src/Intervention/Image/AbstractDriver.php(66): Intervention\Image\AbstractDecoder->init()
 2 VENDORPATH/intervention/image/src/Intervention/Image/Gd/Commands/InsertCommand.php(23): Intervention\Image\AbstractDriver->init()
 3 VENDORPATH/intervention/image/src/Intervention/Image/AbstractDriver.php(94): Intervention\Image\Gd\Commands\InsertCommand->execute()
 4 VENDORPATH/intervention/image/src/Intervention/Image/Image.php(108): Intervention\Image\AbstractDriver->executeCommand()
 5 APPPATH/Controllers/Forum.php(86): Intervention\Image\Image->__call()
 6 APPPATH/Controllers/Forum.php(68): App\Controllers\Forum->addWaterMark()
 7 APPPATH/Controllers/Forum.php(46): App\Controllers\Forum->uploadMultipleFiles()
 8 SYSTEMPATH/CodeIgniter.php(934): App\Controllers\Forum->save()
 9 SYSTEMPATH/CodeIgniter.php(499): CodeIgniter\CodeIgniter->runController()
10 SYSTEMPATH/CodeIgniter.php(368): CodeIgniter\CodeIgniter->handleRequest()
11 FCPATH/index.php(69): CodeIgniter\CodeIgniter->run()
CRITICAL - 2023-05-09 12:03:08 --> Image source not readable
in VENDORPATH/intervention/image/src/Intervention/Image/AbstractDecoder.php on line 351.
 1 VENDORPATH/intervention/image/src/Intervention/Image/AbstractDriver.php(66): Intervention\Image\AbstractDecoder->init()
 2 VENDORPATH/intervention/image/src/Intervention/Image/Gd/Commands/InsertCommand.php(23): Intervention\Image\AbstractDriver->init()
 3 VENDORPATH/intervention/image/src/Intervention/Image/AbstractDriver.php(94): Intervention\Image\Gd\Commands\InsertCommand->execute()
 4 VENDORPATH/intervention/image/src/Intervention/Image/Image.php(108): Intervention\Image\AbstractDriver->executeCommand()
 5 APPPATH/Controllers/Forum.php(86): Intervention\Image\Image->__call()
 6 APPPATH/Controllers/Forum.php(68): App\Controllers\Forum->addWaterMark()
 7 APPPATH/Controllers/Forum.php(46): App\Controllers\Forum->uploadMultipleFiles()
 8 SYSTEMPATH/CodeIgniter.php(934): App\Controllers\Forum->save()
 9 SYSTEMPATH/CodeIgniter.php(499): CodeIgniter\CodeIgniter->runController()
10 SYSTEMPATH/CodeIgniter.php(368): CodeIgniter\CodeIgniter->handleRequest()
11 FCPATH/index.php(69): CodeIgniter\CodeIgniter->run()
CRITICAL - 2023-05-09 12:04:52 --> Image source not readable
in VENDORPATH/intervention/image/src/Intervention/Image/AbstractDecoder.php on line 351.
 1 VENDORPATH/intervention/image/src/Intervention/Image/AbstractDriver.php(66): Intervention\Image\AbstractDecoder->init()
 2 VENDORPATH/intervention/image/src/Intervention/Image/Gd/Commands/InsertCommand.php(23): Intervention\Image\AbstractDriver->init()
 3 VENDORPATH/intervention/image/src/Intervention/Image/AbstractDriver.php(94): Intervention\Image\Gd\Commands\InsertCommand->execute()
 4 VENDORPATH/intervention/image/src/Intervention/Image/Image.php(108): Intervention\Image\AbstractDriver->executeCommand()
 5 APPPATH/Controllers/Forum.php(92): Intervention\Image\Image->__call()
 6 APPPATH/Controllers/Forum.php(68): App\Controllers\Forum->addWaterMark()
 7 APPPATH/Controllers/Forum.php(46): App\Controllers\Forum->uploadMultipleFiles()
 8 SYSTEMPATH/CodeIgniter.php(934): App\Controllers\Forum->save()
 9 SYSTEMPATH/CodeIgniter.php(499): CodeIgniter\CodeIgniter->runController()
10 SYSTEMPATH/CodeIgniter.php(368): CodeIgniter\CodeIgniter->handleRequest()
11 FCPATH/index.php(69): CodeIgniter\CodeIgniter->run()
CRITICAL - 2023-05-09 12:11:13 --> Undefined variable $imagePath
in APPPATH/Controllers/Forum.php on line 82.
 1 APPPATH/Controllers/Forum.php(82): CodeIgniter\Debug\Exceptions->errorHandler()
 2 APPPATH/Controllers/Forum.php(68): App\Controllers\Forum->addWaterMark()
 3 APPPATH/Controllers/Forum.php(46): App\Controllers\Forum->uploadMultipleFiles()
 4 SYSTEMPATH/CodeIgniter.php(934): App\Controllers\Forum->save()
 5 SYSTEMPATH/CodeIgniter.php(499): CodeIgniter\CodeIgniter->runController()
 6 SYSTEMPATH/CodeIgniter.php(368): CodeIgniter\CodeIgniter->handleRequest()
 7 FCPATH/index.php(69): CodeIgniter\CodeIgniter->run()
CRITICAL - 2023-05-09 12:11:34 --> Image source not readable
in VENDORPATH/intervention/image/src/Intervention/Image/AbstractDecoder.php on line 351.
 1 VENDORPATH/intervention/image/src/Intervention/Image/AbstractDriver.php(66): Intervention\Image\AbstractDecoder->init()
 2 VENDORPATH/intervention/image/src/Intervention/Image/ImageManager.php(54): Intervention\Image\AbstractDriver->init()
 3 APPPATH/Controllers/Forum.php(90): Intervention\Image\ImageManager->make()
 4 APPPATH/Controllers/Forum.php(68): App\Controllers\Forum->addWaterMark()
 5 APPPATH/Controllers/Forum.php(46): App\Controllers\Forum->uploadMultipleFiles()
 6 SYSTEMPATH/CodeIgniter.php(934): App\Controllers\Forum->save()
 7 SYSTEMPATH/CodeIgniter.php(499): CodeIgniter\CodeIgniter->runController()
 8 SYSTEMPATH/CodeIgniter.php(368): CodeIgniter\CodeIgniter->handleRequest()
 9 FCPATH/index.php(69): CodeIgniter\CodeIgniter->run()
CRITICAL - 2023-05-09 12:13:10 --> Undefined variable $imagePath
in APPPATH/Controllers/Forum.php on line 82.
 1 APPPATH/Controllers/Forum.php(82): CodeIgniter\Debug\Exceptions->errorHandler()
 2 APPPATH/Controllers/Forum.php(68): App\Controllers\Forum->addWaterMark()
 3 APPPATH/Controllers/Forum.php(46): App\Controllers\Forum->uploadMultipleFiles()
 4 SYSTEMPATH/CodeIgniter.php(934): App\Controllers\Forum->save()
 5 SYSTEMPATH/CodeIgniter.php(499): CodeIgniter\CodeIgniter->runController()
 6 SYSTEMPATH/CodeIgniter.php(368): CodeIgniter\CodeIgniter->handleRequest()
 7 FCPATH/index.php(69): CodeIgniter\CodeIgniter->run()
CRITICAL - 2023-05-09 12:13:20 --> Image source not readable
in VENDORPATH/intervention/image/src/Intervention/Image/AbstractDecoder.php on line 351.
 1 VENDORPATH/intervention/image/src/Intervention/Image/AbstractDriver.php(66): Intervention\Image\AbstractDecoder->init()
 2 VENDORPATH/intervention/image/src/Intervention/Image/Gd/Commands/InsertCommand.php(23): Intervention\Image\AbstractDriver->init()
 3 VENDORPATH/intervention/image/src/Intervention/Image/AbstractDriver.php(94): Intervention\Image\Gd\Commands\InsertCommand->execute()
 4 VENDORPATH/intervention/image/src/Intervention/Image/Image.php(108): Intervention\Image\AbstractDriver->executeCommand()
 5 APPPATH/Controllers/Forum.php(92): Intervention\Image\Image->__call()
 6 APPPATH/Controllers/Forum.php(68): App\Controllers\Forum->addWaterMark()
 7 APPPATH/Controllers/Forum.php(46): App\Controllers\Forum->uploadMultipleFiles()
 8 SYSTEMPATH/CodeIgniter.php(934): App\Controllers\Forum->save()
 9 SYSTEMPATH/CodeIgniter.php(499): CodeIgniter\CodeIgniter->runController()
10 SYSTEMPATH/CodeIgniter.php(368): CodeIgniter\CodeIgniter->handleRequest()
11 FCPATH/index.php(69): CodeIgniter\CodeIgniter->run()
CRITICAL - 2023-05-09 12:15:21 --> Image source not readable
in VENDORPATH/intervention/image/src/Intervention/Image/AbstractDecoder.php on line 351.
 1 VENDORPATH/intervention/image/src/Intervention/Image/AbstractDriver.php(66): Intervention\Image\AbstractDecoder->init()
 2 VENDORPATH/intervention/image/src/Intervention/Image/Gd/Commands/InsertCommand.php(23): Intervention\Image\AbstractDriver->init()
 3 VENDORPATH/intervention/image/src/Intervention/Image/AbstractDriver.php(94): Intervention\Image\Gd\Commands\InsertCommand->execute()
 4 VENDORPATH/intervention/image/src/Intervention/Image/Image.php(108): Intervention\Image\AbstractDriver->executeCommand()
 5 APPPATH/Controllers/Forum.php(92): Intervention\Image\Image->__call()
 6 APPPATH/Controllers/Forum.php(68): App\Controllers\Forum->addWaterMark()
 7 APPPATH/Controllers/Forum.php(46): App\Controllers\Forum->uploadMultipleFiles()
 8 SYSTEMPATH/CodeIgniter.php(934): App\Controllers\Forum->save()
 9 SYSTEMPATH/CodeIgniter.php(499): CodeIgniter\CodeIgniter->runController()
10 SYSTEMPATH/CodeIgniter.php(368): CodeIgniter\CodeIgniter->handleRequest()
11 FCPATH/index.php(69): CodeIgniter\CodeIgniter->run()
CRITICAL - 2023-05-09 12:15:58 --> ImageMagick module not available with this PHP installation.
in VENDORPATH/intervention/image/src/Intervention/Image/Imagick/Driver.php on line 20.
 1 VENDORPATH/intervention/image/src/Intervention/Image/ImageManager.php(112): Intervention\Image\Imagick\Driver->__construct()
 2 VENDORPATH/intervention/image/src/Intervention/Image/ImageManager.php(54): Intervention\Image\ImageManager->createDriver()
 3 APPPATH/Controllers/Forum.php(90): Intervention\Image\ImageManager->make()
 4 APPPATH/Controllers/Forum.php(68): App\Controllers\Forum->addWaterMark()
 5 APPPATH/Controllers/Forum.php(46): App\Controllers\Forum->uploadMultipleFiles()
 6 SYSTEMPATH/CodeIgniter.php(934): App\Controllers\Forum->save()
 7 SYSTEMPATH/CodeIgniter.php(499): CodeIgniter\CodeIgniter->runController()
 8 SYSTEMPATH/CodeIgniter.php(368): CodeIgniter\CodeIgniter->handleRequest()
 9 FCPATH/index.php(69): CodeIgniter\CodeIgniter->run()
CRITICAL - 2023-05-09 12:18:14 --> Image source not readable
in VENDORPATH/intervention/image/src/Intervention/Image/AbstractDecoder.php on line 351.
 1 VENDORPATH/intervention/image/src/Intervention/Image/AbstractDriver.php(66): Intervention\Image\AbstractDecoder->init()
 2 VENDORPATH/intervention/image/src/Intervention/Image/Gd/Commands/InsertCommand.php(23): Intervention\Image\AbstractDriver->init()
 3 VENDORPATH/intervention/image/src/Intervention/Image/AbstractDriver.php(94): Intervention\Image\Gd\Commands\InsertCommand->execute()
 4 VENDORPATH/intervention/image/src/Intervention/Image/Image.php(108): Intervention\Image\AbstractDriver->executeCommand()
 5 APPPATH/Controllers/Forum.php(92): Intervention\Image\Image->__call()
 6 APPPATH/Controllers/Forum.php(68): App\Controllers\Forum->addWaterMark()
 7 APPPATH/Controllers/Forum.php(46): App\Controllers\Forum->uploadMultipleFiles()
 8 SYSTEMPATH/CodeIgniter.php(934): App\Controllers\Forum->save()
 9 SYSTEMPATH/CodeIgniter.php(499): CodeIgniter\CodeIgniter->runController()
10 SYSTEMPATH/CodeIgniter.php(368): CodeIgniter\CodeIgniter->handleRequest()
11 FCPATH/index.php(69): CodeIgniter\CodeIgniter->run()
CRITICAL - 2023-05-09 12:19:35 --> Image source not readable
in VENDORPATH/intervention/image/src/Intervention/Image/AbstractDecoder.php on line 351.
 1 VENDORPATH/intervention/image/src/Intervention/Image/AbstractDriver.php(66): Intervention\Image\AbstractDecoder->init()
 2 VENDORPATH/intervention/image/src/Intervention/Image/Gd/Commands/InsertCommand.php(23): Intervention\Image\AbstractDriver->init()
 3 VENDORPATH/intervention/image/src/Intervention/Image/AbstractDriver.php(94): Intervention\Image\Gd\Commands\InsertCommand->execute()
 4 VENDORPATH/intervention/image/src/Intervention/Image/Image.php(108): Intervention\Image\AbstractDriver->executeCommand()
 5 APPPATH/Controllers/Forum.php(92): Intervention\Image\Image->__call()
 6 APPPATH/Controllers/Forum.php(68): App\Controllers\Forum->addWaterMark()
 7 APPPATH/Controllers/Forum.php(46): App\Controllers\Forum->uploadMultipleFiles()
 8 SYSTEMPATH/CodeIgniter.php(934): App\Controllers\Forum->save()
 9 SYSTEMPATH/CodeIgniter.php(499): CodeIgniter\CodeIgniter->runController()
10 SYSTEMPATH/CodeIgniter.php(368): CodeIgniter\CodeIgniter->handleRequest()
11 FCPATH/index.php(69): CodeIgniter\CodeIgniter->run()
CRITICAL - 2023-05-09 12:24:29 --> Image source not readable
in VENDORPATH/intervention/image/src/Intervention/Image/AbstractDecoder.php on line 351.
 1 VENDORPATH/intervention/image/src/Intervention/Image/AbstractDriver.php(66): Intervention\Image\AbstractDecoder->init()
 2 VENDORPATH/intervention/image/src/Intervention/Image/Gd/Commands/InsertCommand.php(23): Intervention\Image\AbstractDriver->init()
 3 VENDORPATH/intervention/image/src/Intervention/Image/AbstractDriver.php(94): Intervention\Image\Gd\Commands\InsertCommand->execute()
 4 VENDORPATH/intervention/image/src/Intervention/Image/Image.php(108): Intervention\Image\AbstractDriver->executeCommand()
 5 APPPATH/Controllers/Forum.php(93): Intervention\Image\Image->__call()
 6 APPPATH/Controllers/Forum.php(69): App\Controllers\Forum->addWaterMark()
 7 APPPATH/Controllers/Forum.php(47): App\Controllers\Forum->uploadMultipleFiles()
 8 SYSTEMPATH/CodeIgniter.php(934): App\Controllers\Forum->save()
 9 SYSTEMPATH/CodeIgniter.php(499): CodeIgniter\CodeIgniter->runController()
10 SYSTEMPATH/CodeIgniter.php(368): CodeIgniter\CodeIgniter->handleRequest()
11 FCPATH/index.php(69): CodeIgniter\CodeIgniter->run()
CRITICAL - 2023-05-09 12:26:07 --> Image source not readable
in VENDORPATH/intervention/image/src/Intervention/Image/AbstractDecoder.php on line 351.
 1 VENDORPATH/intervention/image/src/Intervention/Image/AbstractDriver.php(66): Intervention\Image\AbstractDecoder->init()
 2 VENDORPATH/intervention/image/src/Intervention/Image/Gd/Commands/InsertCommand.php(23): Intervention\Image\AbstractDriver->init()
 3 VENDORPATH/intervention/image/src/Intervention/Image/AbstractDriver.php(94): Intervention\Image\Gd\Commands\InsertCommand->execute()
 4 VENDORPATH/intervention/image/src/Intervention/Image/Image.php(108): Intervention\Image\AbstractDriver->executeCommand()
 5 APPPATH/Controllers/Forum.php(92): Intervention\Image\Image->__call()
 6 APPPATH/Controllers/Forum.php(69): App\Controllers\Forum->addWaterMark()
 7 APPPATH/Controllers/Forum.php(47): App\Controllers\Forum->uploadMultipleFiles()
 8 SYSTEMPATH/CodeIgniter.php(934): App\Controllers\Forum->save()
 9 SYSTEMPATH/CodeIgniter.php(499): CodeIgniter\CodeIgniter->runController()
10 SYSTEMPATH/CodeIgniter.php(368): CodeIgniter\CodeIgniter->handleRequest()
11 FCPATH/index.php(69): CodeIgniter\CodeIgniter->run()
CRITICAL - 2023-05-09 12:26:12 --> Image source not readable
in VENDORPATH/intervention/image/src/Intervention/Image/AbstractDecoder.php on line 351.
 1 VENDORPATH/intervention/image/src/Intervention/Image/AbstractDriver.php(66): Intervention\Image\AbstractDecoder->init()
 2 VENDORPATH/intervention/image/src/Intervention/Image/Gd/Commands/InsertCommand.php(23): Intervention\Image\AbstractDriver->init()
 3 VENDORPATH/intervention/image/src/Intervention/Image/AbstractDriver.php(94): Intervention\Image\Gd\Commands\InsertCommand->execute()
 4 VENDORPATH/intervention/image/src/Intervention/Image/Image.php(108): Intervention\Image\AbstractDriver->executeCommand()
 5 APPPATH/Controllers/Forum.php(92): Intervention\Image\Image->__call()
 6 APPPATH/Controllers/Forum.php(69): App\Controllers\Forum->addWaterMark()
 7 APPPATH/Controllers/Forum.php(47): App\Controllers\Forum->uploadMultipleFiles()
 8 SYSTEMPATH/CodeIgniter.php(934): App\Controllers\Forum->save()
 9 SYSTEMPATH/CodeIgniter.php(499): CodeIgniter\CodeIgniter->runController()
10 SYSTEMPATH/CodeIgniter.php(368): CodeIgniter\CodeIgniter->handleRequest()
11 FCPATH/index.php(69): CodeIgniter\CodeIgniter->run()
CRITICAL - 2023-05-09 12:27:36 --> Image source not readable
in VENDORPATH/intervention/image/src/Intervention/Image/AbstractDecoder.php on line 351.
 1 VENDORPATH/intervention/image/src/Intervention/Image/AbstractDriver.php(66): Intervention\Image\AbstractDecoder->init()
 2 VENDORPATH/intervention/image/src/Intervention/Image/ImageManager.php(54): Intervention\Image\AbstractDriver->init()
 3 VENDORPATH/intervention/image/src/Intervention/Image/ImageManagerStatic.php(58): Intervention\Image\ImageManager->make()
 4 APPPATH/Controllers/Forum.php(90): Intervention\Image\ImageManagerStatic::make()
 5 APPPATH/Controllers/Forum.php(69): App\Controllers\Forum->addWaterMark()
 6 APPPATH/Controllers/Forum.php(47): App\Controllers\Forum->uploadMultipleFiles()
 7 SYSTEMPATH/CodeIgniter.php(934): App\Controllers\Forum->save()
 8 SYSTEMPATH/CodeIgniter.php(499): CodeIgniter\CodeIgniter->runController()
 9 SYSTEMPATH/CodeIgniter.php(368): CodeIgniter\CodeIgniter->handleRequest()
10 FCPATH/index.php(69): CodeIgniter\CodeIgniter->run()
CRITICAL - 2023-05-09 12:31:26 --> Image source not readable
in VENDORPATH/intervention/image/src/Intervention/Image/AbstractDecoder.php on line 351.
 1 VENDORPATH/intervention/image/src/Intervention/Image/AbstractDriver.php(66): Intervention\Image\AbstractDecoder->init()
 2 VENDORPATH/intervention/image/src/Intervention/Image/Gd/Commands/InsertCommand.php(23): Intervention\Image\AbstractDriver->init()
 3 VENDORPATH/intervention/image/src/Intervention/Image/AbstractDriver.php(94): Intervention\Image\Gd\Commands\InsertCommand->execute()
 4 VENDORPATH/intervention/image/src/Intervention/Image/Image.php(108): Intervention\Image\AbstractDriver->executeCommand()
 5 APPPATH/Controllers/Forum.php(92): Intervention\Image\Image->__call()
 6 APPPATH/Controllers/Forum.php(69): App\Controllers\Forum->addWaterMark()
 7 APPPATH/Controllers/Forum.php(47): App\Controllers\Forum->uploadMultipleFiles()
 8 SYSTEMPATH/CodeIgniter.php(934): App\Controllers\Forum->save()
 9 SYSTEMPATH/CodeIgniter.php(499): CodeIgniter\CodeIgniter->runController()
10 SYSTEMPATH/CodeIgniter.php(368): CodeIgniter\CodeIgniter->handleRequest()
11 FCPATH/index.php(69): CodeIgniter\CodeIgniter->run()
CRITICAL - 2023-05-09 12:36:23 --> Image source not readable
in VENDORPATH/intervention/image/src/Intervention/Image/AbstractDecoder.php on line 351.
 1 VENDORPATH/intervention/image/src/Intervention/Image/AbstractDriver.php(66): Intervention\Image\AbstractDecoder->init()
 2 VENDORPATH/intervention/image/src/Intervention/Image/Gd/Commands/InsertCommand.php(23): Intervention\Image\AbstractDriver->init()
 3 VENDORPATH/intervention/image/src/Intervention/Image/AbstractDriver.php(94): Intervention\Image\Gd\Commands\InsertCommand->execute()
 4 VENDORPATH/intervention/image/src/Intervention/Image/Image.php(108): Intervention\Image\AbstractDriver->executeCommand()
 5 APPPATH/Controllers/Forum.php(92): Intervention\Image\Image->__call()
 6 APPPATH/Controllers/Forum.php(69): App\Controllers\Forum->addWaterMark()
 7 APPPATH/Controllers/Forum.php(47): App\Controllers\Forum->uploadMultipleFiles()
 8 SYSTEMPATH/CodeIgniter.php(934): App\Controllers\Forum->save()
 9 SYSTEMPATH/CodeIgniter.php(499): CodeIgniter\CodeIgniter->runController()
10 SYSTEMPATH/CodeIgniter.php(368): CodeIgniter\CodeIgniter->handleRequest()
11 FCPATH/index.php(69): CodeIgniter\CodeIgniter->run()
CRITICAL - 2023-05-09 12:37:08 --> Image source not readable
in VENDORPATH/intervention/image/src/Intervention/Image/AbstractDecoder.php on line 351.
 1 VENDORPATH/intervention/image/src/Intervention/Image/AbstractDriver.php(66): Intervention\Image\AbstractDecoder->init()
 2 VENDORPATH/intervention/image/src/Intervention/Image/Gd/Commands/InsertCommand.php(23): Intervention\Image\AbstractDriver->init()
 3 VENDORPATH/intervention/image/src/Intervention/Image/AbstractDriver.php(94): Intervention\Image\Gd\Commands\InsertCommand->execute()
 4 VENDORPATH/intervention/image/src/Intervention/Image/Image.php(108): Intervention\Image\AbstractDriver->executeCommand()
 5 APPPATH/Controllers/Forum.php(92): Intervention\Image\Image->__call()
 6 APPPATH/Controllers/Forum.php(69): App\Controllers\Forum->addWaterMark()
 7 APPPATH/Controllers/Forum.php(47): App\Controllers\Forum->uploadMultipleFiles()
 8 SYSTEMPATH/CodeIgniter.php(934): App\Controllers\Forum->save()
 9 SYSTEMPATH/CodeIgniter.php(499): CodeIgniter\CodeIgniter->runController()
10 SYSTEMPATH/CodeIgniter.php(368): CodeIgniter\CodeIgniter->handleRequest()
11 FCPATH/index.php(69): CodeIgniter\CodeIgniter->run()
CRITICAL - 2023-05-09 12:48:03 --> Image source not readable
in VENDORPATH/intervention/image/src/Intervention/Image/AbstractDecoder.php on line 351.
 1 VENDORPATH/intervention/image/src/Intervention/Image/AbstractDriver.php(66): Intervention\Image\AbstractDecoder->init()
 2 VENDORPATH/intervention/image/src/Intervention/Image/ImageManager.php(54): Intervention\Image\AbstractDriver->init()
 3 APPPATH/Controllers/Forum.php(91): Intervention\Image\ImageManager->make()
 4 APPPATH/Controllers/Forum.php(69): App\Controllers\Forum->addWaterMark()
 5 APPPATH/Controllers/Forum.php(47): App\Controllers\Forum->uploadMultipleFiles()
 6 SYSTEMPATH/CodeIgniter.php(934): App\Controllers\Forum->save()
 7 SYSTEMPATH/CodeIgniter.php(499): CodeIgniter\CodeIgniter->runController()
 8 SYSTEMPATH/CodeIgniter.php(368): CodeIgniter\CodeIgniter->handleRequest()
 9 FCPATH/index.php(69): CodeIgniter\CodeIgniter->run()
CRITICAL - 2023-05-09 12:48:40 --> Image source not readable
in VENDORPATH/intervention/image/src/Intervention/Image/AbstractDecoder.php on line 351.
 1 VENDORPATH/intervention/image/src/Intervention/Image/AbstractDriver.php(66): Intervention\Image\AbstractDecoder->init()
 2 VENDORPATH/intervention/image/src/Intervention/Image/ImageManager.php(54): Intervention\Image\AbstractDriver->init()
 3 APPPATH/Controllers/Forum.php(91): Intervention\Image\ImageManager->make()
 4 APPPATH/Controllers/Forum.php(69): App\Controllers\Forum->addWaterMark()
 5 APPPATH/Controllers/Forum.php(47): App\Controllers\Forum->uploadMultipleFiles()
 6 SYSTEMPATH/CodeIgniter.php(934): App\Controllers\Forum->save()
 7 SYSTEMPATH/CodeIgniter.php(499): CodeIgniter\CodeIgniter->runController()
 8 SYSTEMPATH/CodeIgniter.php(368): CodeIgniter\CodeIgniter->handleRequest()
 9 FCPATH/index.php(69): CodeIgniter\CodeIgniter->run()
CRITICAL - 2023-05-09 13:00:48 --> Can't write image data to path (/var/www/htdocs/Treehouse/assets/pictures/watermark.png)
in VENDORPATH/intervention/image/src/Intervention/Image/Image.php on line 150.
 1 APPPATH/Controllers/Forum.php(95): Intervention\Image\Image->save()
 2 APPPATH/Controllers/Forum.php(70): App\Controllers\Forum->addWaterMark()
 3 APPPATH/Controllers/Forum.php(47): App\Controllers\Forum->uploadMultipleFiles()
 4 SYSTEMPATH/CodeIgniter.php(934): App\Controllers\Forum->save()
 5 SYSTEMPATH/CodeIgniter.php(499): CodeIgniter\CodeIgniter->runController()
 6 SYSTEMPATH/CodeIgniter.php(368): CodeIgniter\CodeIgniter->handleRequest()
 7 FCPATH/index.php(69): CodeIgniter\CodeIgniter->run()
CRITICAL - 2023-05-09 13:02:45 --> Can't write image data to path (/var/www/htdocs/Treehouse/writable/uploads/watermark.png)
in VENDORPATH/intervention/image/src/Intervention/Image/Image.php on line 150.
 1 APPPATH/Controllers/Forum.php(95): Intervention\Image\Image->save()
 2 APPPATH/Controllers/Forum.php(70): App\Controllers\Forum->addWaterMark()
 3 APPPATH/Controllers/Forum.php(47): App\Controllers\Forum->uploadMultipleFiles()
 4 SYSTEMPATH/CodeIgniter.php(934): App\Controllers\Forum->save()
 5 SYSTEMPATH/CodeIgniter.php(499): CodeIgniter\CodeIgniter->runController()
 6 SYSTEMPATH/CodeIgniter.php(368): CodeIgniter\CodeIgniter->handleRequest()
 7 FCPATH/index.php(69): CodeIgniter\CodeIgniter->run()
