CRITICAL - 2023-03-28 14:38:34 --> syntax error, unexpected token ";", expecting ")"
in APPPATH/Config/Routes.php on line 34.
 1 SYSTEMPATH/CodeIgniter.php(802): CodeIgniter\Router\RouteCollection->loadRoutes()
 2 SYSTEMPATH/CodeIgniter.php(449): CodeIgniter\CodeIgniter->tryToRouteIt()
 3 SYSTEMPATH/CodeIgniter.php(368): CodeIgniter\CodeIgniter->handleRequest()
 4 FCPATH/index.php(67): CodeIgniter\CodeIgniter->run()
CRITICAL - 2023-03-28 14:38:40 --> syntax error, unexpected token ";", expecting ")"
in APPPATH/Config/Routes.php on line 34.
 1 SYSTEMPATH/CodeIgniter.php(802): CodeIgniter\Router\RouteCollection->loadRoutes()
 2 SYSTEMPATH/CodeIgniter.php(449): CodeIgniter\CodeIgniter->tryToRouteIt()
 3 SYSTEMPATH/CodeIgniter.php(368): CodeIgniter\CodeIgniter->handleRequest()
 4 FCPATH/index.php(67): CodeIgniter\CodeIgniter->run()
CRITICAL - 2023-03-28 14:38:40 --> syntax error, unexpected token ";", expecting ")"
in APPPATH/Config/Routes.php on line 34.
 1 SYSTEMPATH/CodeIgniter.php(802): CodeIgniter\Router\RouteCollection->loadRoutes()
 2 SYSTEMPATH/CodeIgniter.php(449): CodeIgniter\CodeIgniter->tryToRouteIt()
 3 SYSTEMPATH/CodeIgniter.php(368): CodeIgniter\CodeIgniter->handleRequest()
 4 FCPATH/index.php(67): CodeIgniter\CodeIgniter->run()
CRITICAL - 2023-03-28 14:40:59 --> syntax error, unexpected token ";", expecting ")"
in APPPATH/Config/Routes.php on line 34.
 1 SYSTEMPATH/CodeIgniter.php(802): CodeIgniter\Router\RouteCollection->loadRoutes()
 2 SYSTEMPATH/CodeIgniter.php(449): CodeIgniter\CodeIgniter->tryToRouteIt()
 3 SYSTEMPATH/CodeIgniter.php(368): CodeIgniter\CodeIgniter->handleRequest()
 4 FCPATH/index.php(67): CodeIgniter\CodeIgniter->run()
CRITICAL - 2023-03-28 15:09:29 --> Invalid file: "template/header.php"
in SYSTEMPATH/Exceptions/FrameworkException.php on line 33.
 1 SYSTEMPATH/View/View.php(201): CodeIgniter\Exceptions\FrameworkException::forInvalidFile()
 2 SYSTEMPATH/Common.php(1184): CodeIgniter\View\View->render()
 3 APPPATH/Controllers/Login.php(15): view()
 4 SYSTEMPATH/CodeIgniter.php(934): App\Controllers\Login->index()
 5 SYSTEMPATH/CodeIgniter.php(499): CodeIgniter\CodeIgniter->runController()
 6 SYSTEMPATH/CodeIgniter.php(368): CodeIgniter\CodeIgniter->handleRequest()
 7 FCPATH/index.php(67): CodeIgniter\CodeIgniter->run()
CRITICAL - 2023-03-28 15:14:01 --> Call to undefined function form_open()
in APPPATH/Views/login.php on line 6.
 1 SYSTEMPATH/View/View.php(213): include()
 2 SYSTEMPATH/View/View.php(216): CodeIgniter\View\View->CodeIgniter\View\{closure}()
 3 SYSTEMPATH/Common.php(1184): CodeIgniter\View\View->render()
 4 APPPATH/Controllers/Login.php(16): view()
 5 SYSTEMPATH/CodeIgniter.php(934): App\Controllers\Login->index()
 6 SYSTEMPATH/CodeIgniter.php(499): CodeIgniter\CodeIgniter->runController()
 7 SYSTEMPATH/CodeIgniter.php(368): CodeIgniter\CodeIgniter->handleRequest()
 8 FCPATH/index.php(67): CodeIgniter\CodeIgniter->run()
CRITICAL - 2023-03-28 15:14:04 --> Call to undefined function form_open()
in APPPATH/Views/login.php on line 6.
 1 SYSTEMPATH/View/View.php(213): include()
 2 SYSTEMPATH/View/View.php(216): CodeIgniter\View\View->CodeIgniter\View\{closure}()
 3 SYSTEMPATH/Common.php(1184): CodeIgniter\View\View->render()
 4 APPPATH/Controllers/Login.php(16): view()
 5 SYSTEMPATH/CodeIgniter.php(934): App\Controllers\Login->index()
 6 SYSTEMPATH/CodeIgniter.php(499): CodeIgniter\CodeIgniter->runController()
 7 SYSTEMPATH/CodeIgniter.php(368): CodeIgniter\CodeIgniter->handleRequest()
 8 FCPATH/index.php(67): CodeIgniter\CodeIgniter->run()
CRITICAL - 2023-03-28 15:14:09 --> Call to undefined function form_open()
in APPPATH/Views/login.php on line 6.
 1 SYSTEMPATH/View/View.php(213): include()
 2 SYSTEMPATH/View/View.php(216): CodeIgniter\View\View->CodeIgniter\View\{closure}()
 3 SYSTEMPATH/Common.php(1184): CodeIgniter\View\View->render()
 4 APPPATH/Controllers/Login.php(16): view()
 5 SYSTEMPATH/CodeIgniter.php(934): App\Controllers\Login->index()
 6 SYSTEMPATH/CodeIgniter.php(499): CodeIgniter\CodeIgniter->runController()
 7 SYSTEMPATH/CodeIgniter.php(368): CodeIgniter\CodeIgniter->handleRequest()
 8 FCPATH/index.php(67): CodeIgniter\CodeIgniter->run()
CRITICAL - 2023-03-28 15:14:12 --> Call to undefined function form_open()
in APPPATH/Views/login.php on line 6.
 1 SYSTEMPATH/View/View.php(213): include()
 2 SYSTEMPATH/View/View.php(216): CodeIgniter\View\View->CodeIgniter\View\{closure}()
 3 SYSTEMPATH/Common.php(1184): CodeIgniter\View\View->render()
 4 APPPATH/Controllers/Login.php(16): view()
 5 SYSTEMPATH/CodeIgniter.php(934): App\Controllers\Login->index()
 6 SYSTEMPATH/CodeIgniter.php(499): CodeIgniter\CodeIgniter->runController()
 7 SYSTEMPATH/CodeIgniter.php(368): CodeIgniter\CodeIgniter->handleRequest()
 8 FCPATH/index.php(67): CodeIgniter\CodeIgniter->run()
CRITICAL - 2023-03-28 15:15:22 --> Call to undefined function form_open()
in APPPATH/Views/login.php on line 3.
 1 SYSTEMPATH/View/View.php(213): include()
 2 SYSTEMPATH/View/View.php(216): CodeIgniter\View\View->CodeIgniter\View\{closure}()
 3 SYSTEMPATH/Common.php(1184): CodeIgniter\View\View->render()
 4 APPPATH/Controllers/Login.php(16): view()
 5 SYSTEMPATH/CodeIgniter.php(934): App\Controllers\Login->index()
 6 SYSTEMPATH/CodeIgniter.php(499): CodeIgniter\CodeIgniter->runController()
 7 SYSTEMPATH/CodeIgniter.php(368): CodeIgniter\CodeIgniter->handleRequest()
 8 FCPATH/index.php(67): CodeIgniter\CodeIgniter->run()
CRITICAL - 2023-03-28 15:15:23 --> Call to undefined function form_open()
in APPPATH/Views/login.php on line 3.
 1 SYSTEMPATH/View/View.php(213): include()
 2 SYSTEMPATH/View/View.php(216): CodeIgniter\View\View->CodeIgniter\View\{closure}()
 3 SYSTEMPATH/Common.php(1184): CodeIgniter\View\View->render()
 4 APPPATH/Controllers/Login.php(16): view()
 5 SYSTEMPATH/CodeIgniter.php(934): App\Controllers\Login->index()
 6 SYSTEMPATH/CodeIgniter.php(499): CodeIgniter\CodeIgniter->runController()
 7 SYSTEMPATH/CodeIgniter.php(368): CodeIgniter\CodeIgniter->handleRequest()
 8 FCPATH/index.php(67): CodeIgniter\CodeIgniter->run()
CRITICAL - 2023-03-28 15:15:24 --> Call to undefined function form_open()
in APPPATH/Views/login.php on line 3.
 1 SYSTEMPATH/View/View.php(213): include()
 2 SYSTEMPATH/View/View.php(216): CodeIgniter\View\View->CodeIgniter\View\{closure}()
 3 SYSTEMPATH/Common.php(1184): CodeIgniter\View\View->render()
 4 APPPATH/Controllers/Login.php(16): view()
 5 SYSTEMPATH/CodeIgniter.php(934): App\Controllers\Login->index()
 6 SYSTEMPATH/CodeIgniter.php(499): CodeIgniter\CodeIgniter->runController()
 7 SYSTEMPATH/CodeIgniter.php(368): CodeIgniter\CodeIgniter->handleRequest()
 8 FCPATH/index.php(67): CodeIgniter\CodeIgniter->run()
CRITICAL - 2023-03-28 15:15:24 --> Call to undefined function form_open()
in APPPATH/Views/login.php on line 3.
 1 SYSTEMPATH/View/View.php(213): include()
 2 SYSTEMPATH/View/View.php(216): CodeIgniter\View\View->CodeIgniter\View\{closure}()
 3 SYSTEMPATH/Common.php(1184): CodeIgniter\View\View->render()
 4 APPPATH/Controllers/Login.php(16): view()
 5 SYSTEMPATH/CodeIgniter.php(934): App\Controllers\Login->index()
 6 SYSTEMPATH/CodeIgniter.php(499): CodeIgniter\CodeIgniter->runController()
 7 SYSTEMPATH/CodeIgniter.php(368): CodeIgniter\CodeIgniter->handleRequest()
 8 FCPATH/index.php(67): CodeIgniter\CodeIgniter->run()
CRITICAL - 2023-03-28 15:20:23 --> Call to undefined function form_open()
in APPPATH/Views/login.php on line 3.
 1 SYSTEMPATH/View/View.php(213): include()
 2 SYSTEMPATH/View/View.php(216): CodeIgniter\View\View->CodeIgniter\View\{closure}()
 3 SYSTEMPATH/Common.php(1184): CodeIgniter\View\View->render()
 4 APPPATH/Controllers/Login.php(16): view()
 5 SYSTEMPATH/CodeIgniter.php(934): App\Controllers\Login->index()
 6 SYSTEMPATH/CodeIgniter.php(499): CodeIgniter\CodeIgniter->runController()
 7 SYSTEMPATH/CodeIgniter.php(368): CodeIgniter\CodeIgniter->handleRequest()
 8 FCPATH/index.php(67): CodeIgniter\CodeIgniter->run()
CRITICAL - 2023-03-28 15:20:23 --> Call to undefined function form_open()
in APPPATH/Views/login.php on line 3.
 1 SYSTEMPATH/View/View.php(213): include()
 2 SYSTEMPATH/View/View.php(216): CodeIgniter\View\View->CodeIgniter\View\{closure}()
 3 SYSTEMPATH/Common.php(1184): CodeIgniter\View\View->render()
 4 APPPATH/Controllers/Login.php(16): view()
 5 SYSTEMPATH/CodeIgniter.php(934): App\Controllers\Login->index()
 6 SYSTEMPATH/CodeIgniter.php(499): CodeIgniter\CodeIgniter->runController()
 7 SYSTEMPATH/CodeIgniter.php(368): CodeIgniter\CodeIgniter->handleRequest()
 8 FCPATH/index.php(67): CodeIgniter\CodeIgniter->run()
CRITICAL - 2023-03-28 15:23:17 --> Call to undefined function form_open()
in APPPATH/Views/login.php on line 3.
 1 SYSTEMPATH/View/View.php(213): include()
 2 SYSTEMPATH/View/View.php(216): CodeIgniter\View\View->CodeIgniter\View\{closure}()
 3 SYSTEMPATH/Common.php(1184): CodeIgniter\View\View->render()
 4 APPPATH/Controllers/Login.php(16): view()
 5 SYSTEMPATH/CodeIgniter.php(934): App\Controllers\Login->index()
 6 SYSTEMPATH/CodeIgniter.php(499): CodeIgniter\CodeIgniter->runController()
 7 SYSTEMPATH/CodeIgniter.php(368): CodeIgniter\CodeIgniter->handleRequest()
 8 FCPATH/index.php(67): CodeIgniter\CodeIgniter->run()
CRITICAL - 2023-03-28 15:23:17 --> Call to undefined function form_open()
in APPPATH/Views/login.php on line 3.
 1 SYSTEMPATH/View/View.php(213): include()
 2 SYSTEMPATH/View/View.php(216): CodeIgniter\View\View->CodeIgniter\View\{closure}()
 3 SYSTEMPATH/Common.php(1184): CodeIgniter\View\View->render()
 4 APPPATH/Controllers/Login.php(16): view()
 5 SYSTEMPATH/CodeIgniter.php(934): App\Controllers\Login->index()
 6 SYSTEMPATH/CodeIgniter.php(499): CodeIgniter\CodeIgniter->runController()
 7 SYSTEMPATH/CodeIgniter.php(368): CodeIgniter\CodeIgniter->handleRequest()
 8 FCPATH/index.php(67): CodeIgniter\CodeIgniter->run()
CRITICAL - 2023-03-28 15:23:18 --> Call to undefined function form_open()
in APPPATH/Views/login.php on line 3.
 1 SYSTEMPATH/View/View.php(213): include()
 2 SYSTEMPATH/View/View.php(216): CodeIgniter\View\View->CodeIgniter\View\{closure}()
 3 SYSTEMPATH/Common.php(1184): CodeIgniter\View\View->render()
 4 APPPATH/Controllers/Login.php(16): view()
 5 SYSTEMPATH/CodeIgniter.php(934): App\Controllers\Login->index()
 6 SYSTEMPATH/CodeIgniter.php(499): CodeIgniter\CodeIgniter->runController()
 7 SYSTEMPATH/CodeIgniter.php(368): CodeIgniter\CodeIgniter->handleRequest()
 8 FCPATH/index.php(67): CodeIgniter\CodeIgniter->run()
CRITICAL - 2023-03-28 15:23:18 --> Call to undefined function form_open()
in APPPATH/Views/login.php on line 3.
 1 SYSTEMPATH/View/View.php(213): include()
 2 SYSTEMPATH/View/View.php(216): CodeIgniter\View\View->CodeIgniter\View\{closure}()
 3 SYSTEMPATH/Common.php(1184): CodeIgniter\View\View->render()
 4 APPPATH/Controllers/Login.php(16): view()
 5 SYSTEMPATH/CodeIgniter.php(934): App\Controllers\Login->index()
 6 SYSTEMPATH/CodeIgniter.php(499): CodeIgniter\CodeIgniter->runController()
 7 SYSTEMPATH/CodeIgniter.php(368): CodeIgniter\CodeIgniter->handleRequest()
 8 FCPATH/index.php(67): CodeIgniter\CodeIgniter->run()
CRITICAL - 2023-03-28 15:23:18 --> Call to undefined function form_open()
in APPPATH/Views/login.php on line 3.
 1 SYSTEMPATH/View/View.php(213): include()
 2 SYSTEMPATH/View/View.php(216): CodeIgniter\View\View->CodeIgniter\View\{closure}()
 3 SYSTEMPATH/Common.php(1184): CodeIgniter\View\View->render()
 4 APPPATH/Controllers/Login.php(16): view()
 5 SYSTEMPATH/CodeIgniter.php(934): App\Controllers\Login->index()
 6 SYSTEMPATH/CodeIgniter.php(499): CodeIgniter\CodeIgniter->runController()
 7 SYSTEMPATH/CodeIgniter.php(368): CodeIgniter\CodeIgniter->handleRequest()
 8 FCPATH/index.php(67): CodeIgniter\CodeIgniter->run()
CRITICAL - 2023-03-28 15:23:18 --> Call to undefined function form_open()
in APPPATH/Views/login.php on line 3.
 1 SYSTEMPATH/View/View.php(213): include()
 2 SYSTEMPATH/View/View.php(216): CodeIgniter\View\View->CodeIgniter\View\{closure}()
 3 SYSTEMPATH/Common.php(1184): CodeIgniter\View\View->render()
 4 APPPATH/Controllers/Login.php(16): view()
 5 SYSTEMPATH/CodeIgniter.php(934): App\Controllers\Login->index()
 6 SYSTEMPATH/CodeIgniter.php(499): CodeIgniter\CodeIgniter->runController()
 7 SYSTEMPATH/CodeIgniter.php(368): CodeIgniter\CodeIgniter->handleRequest()
 8 FCPATH/index.php(67): CodeIgniter\CodeIgniter->run()
CRITICAL - 2023-03-28 15:23:18 --> Call to undefined function form_open()
in APPPATH/Views/login.php on line 3.
 1 SYSTEMPATH/View/View.php(213): include()
 2 SYSTEMPATH/View/View.php(216): CodeIgniter\View\View->CodeIgniter\View\{closure}()
 3 SYSTEMPATH/Common.php(1184): CodeIgniter\View\View->render()
 4 APPPATH/Controllers/Login.php(16): view()
 5 SYSTEMPATH/CodeIgniter.php(934): App\Controllers\Login->index()
 6 SYSTEMPATH/CodeIgniter.php(499): CodeIgniter\CodeIgniter->runController()
 7 SYSTEMPATH/CodeIgniter.php(368): CodeIgniter\CodeIgniter->handleRequest()
 8 FCPATH/index.php(67): CodeIgniter\CodeIgniter->run()
CRITICAL - 2023-03-28 15:23:33 --> Call to undefined function form_open()
in APPPATH/Views/login.php on line 3.
 1 SYSTEMPATH/View/View.php(213): include()
 2 SYSTEMPATH/View/View.php(216): CodeIgniter\View\View->CodeIgniter\View\{closure}()
 3 SYSTEMPATH/Common.php(1184): CodeIgniter\View\View->render()
 4 APPPATH/Controllers/Login.php(16): view()
 5 SYSTEMPATH/CodeIgniter.php(934): App\Controllers\Login->index()
 6 SYSTEMPATH/CodeIgniter.php(499): CodeIgniter\CodeIgniter->runController()
 7 SYSTEMPATH/CodeIgniter.php(368): CodeIgniter\CodeIgniter->handleRequest()
 8 FCPATH/index.php(67): CodeIgniter\CodeIgniter->run()
ERROR - 2023-03-28 15:29:37 --> Error connecting to the database: mysqli_sql_exception: Access denied for user ''@'localhost' (using password: NO) in /var/www/htdocs/Treehouse/system/Database/MySQLi/Connection.php:173
Stack trace:
#0 /var/www/htdocs/Treehouse/system/Database/MySQLi/Connection.php(173): mysqli->real_connect()
#1 /var/www/htdocs/Treehouse/system/Database/BaseConnection.php(391): CodeIgniter\Database\MySQLi\Connection->connect()
#2 /var/www/htdocs/Treehouse/system/Database/BaseConnection.php(573): CodeIgniter\Database\BaseConnection->initialize()
#3 /var/www/htdocs/Treehouse/system/Database/BaseBuilder.php(1616): CodeIgniter\Database\BaseConnection->query()
#4 /var/www/htdocs/Treehouse/app/Models/User_model.php(15): CodeIgniter\Database\BaseBuilder->get()
#5 /var/www/htdocs/Treehouse/app/Controllers/Login.php(27): App\Models\User_model->login()
#6 /var/www/htdocs/Treehouse/system/CodeIgniter.php(934): App\Controllers\Login->check_login()
#7 /var/www/htdocs/Treehouse/system/CodeIgniter.php(499): CodeIgniter\CodeIgniter->runController()
#8 /var/www/htdocs/Treehouse/system/CodeIgniter.php(368): CodeIgniter\CodeIgniter->handleRequest()
#9 /var/www/htdocs/Treehouse/public/index.php(67): CodeIgniter\CodeIgniter->run()
#10 {main}

Next CodeIgniter\Database\Exceptions\DatabaseException: Access denied for user ''@'localhost' (using password: NO) in /var/www/htdocs/Treehouse/system/Database/MySQLi/Connection.php:218
Stack trace:
#0 /var/www/htdocs/Treehouse/system/Database/BaseConnection.php(391): CodeIgniter\Database\MySQLi\Connection->connect()
#1 /var/www/htdocs/Treehouse/system/Database/BaseConnection.php(573): CodeIgniter\Database\BaseConnection->initialize()
#2 /var/www/htdocs/Treehouse/system/Database/BaseBuilder.php(1616): CodeIgniter\Database\BaseConnection->query()
#3 /var/www/htdocs/Treehouse/app/Models/User_model.php(15): CodeIgniter\Database\BaseBuilder->get()
#4 /var/www/htdocs/Treehouse/app/Controllers/Login.php(27): App\Models\User_model->login()
#5 /var/www/htdocs/Treehouse/system/CodeIgniter.php(934): App\Controllers\Login->check_login()
#6 /var/www/htdocs/Treehouse/system/CodeIgniter.php(499): CodeIgniter\CodeIgniter->runController()
#7 /var/www/htdocs/Treehouse/system/CodeIgniter.php(368): CodeIgniter\CodeIgniter->handleRequest()
#8 /var/www/htdocs/Treehouse/public/index.php(67): CodeIgniter\CodeIgniter->run()
#9 {main}
CRITICAL - 2023-03-28 15:29:37 --> Unable to connect to the database.
Main connection [MySQLi]: Access denied for user ''@'localhost' (using password: NO)
in SYSTEMPATH/Database/BaseConnection.php on line 427.
 1 SYSTEMPATH/Database/BaseConnection.php(573): CodeIgniter\Database\BaseConnection->initialize()
 2 SYSTEMPATH/Database/BaseBuilder.php(1616): CodeIgniter\Database\BaseConnection->query()
 3 APPPATH/Models/User_model.php(15): CodeIgniter\Database\BaseBuilder->get()
 4 APPPATH/Controllers/Login.php(27): App\Models\User_model->login()
 5 SYSTEMPATH/CodeIgniter.php(934): App\Controllers\Login->check_login()
 6 SYSTEMPATH/CodeIgniter.php(499): CodeIgniter\CodeIgniter->runController()
 7 SYSTEMPATH/CodeIgniter.php(368): CodeIgniter\CodeIgniter->handleRequest()
 8 FCPATH/index.php(67): CodeIgniter\CodeIgniter->run()
ERROR - 2023-03-28 15:29:52 --> Error connecting to the database: mysqli_sql_exception: Access denied for user ''@'localhost' (using password: NO) in /var/www/htdocs/Treehouse/system/Database/MySQLi/Connection.php:173
Stack trace:
#0 /var/www/htdocs/Treehouse/system/Database/MySQLi/Connection.php(173): mysqli->real_connect()
#1 /var/www/htdocs/Treehouse/system/Database/BaseConnection.php(391): CodeIgniter\Database\MySQLi\Connection->connect()
#2 /var/www/htdocs/Treehouse/system/Database/BaseConnection.php(573): CodeIgniter\Database\BaseConnection->initialize()
#3 /var/www/htdocs/Treehouse/system/Database/BaseBuilder.php(1616): CodeIgniter\Database\BaseConnection->query()
#4 /var/www/htdocs/Treehouse/app/Models/User_model.php(15): CodeIgniter\Database\BaseBuilder->get()
#5 /var/www/htdocs/Treehouse/app/Controllers/Login.php(27): App\Models\User_model->login()
#6 /var/www/htdocs/Treehouse/system/CodeIgniter.php(934): App\Controllers\Login->check_login()
#7 /var/www/htdocs/Treehouse/system/CodeIgniter.php(499): CodeIgniter\CodeIgniter->runController()
#8 /var/www/htdocs/Treehouse/system/CodeIgniter.php(368): CodeIgniter\CodeIgniter->handleRequest()
#9 /var/www/htdocs/Treehouse/public/index.php(67): CodeIgniter\CodeIgniter->run()
#10 {main}

Next CodeIgniter\Database\Exceptions\DatabaseException: Access denied for user ''@'localhost' (using password: NO) in /var/www/htdocs/Treehouse/system/Database/MySQLi/Connection.php:218
Stack trace:
#0 /var/www/htdocs/Treehouse/system/Database/BaseConnection.php(391): CodeIgniter\Database\MySQLi\Connection->connect()
#1 /var/www/htdocs/Treehouse/system/Database/BaseConnection.php(573): CodeIgniter\Database\BaseConnection->initialize()
#2 /var/www/htdocs/Treehouse/system/Database/BaseBuilder.php(1616): CodeIgniter\Database\BaseConnection->query()
#3 /var/www/htdocs/Treehouse/app/Models/User_model.php(15): CodeIgniter\Database\BaseBuilder->get()
#4 /var/www/htdocs/Treehouse/app/Controllers/Login.php(27): App\Models\User_model->login()
#5 /var/www/htdocs/Treehouse/system/CodeIgniter.php(934): App\Controllers\Login->check_login()
#6 /var/www/htdocs/Treehouse/system/CodeIgniter.php(499): CodeIgniter\CodeIgniter->runController()
#7 /var/www/htdocs/Treehouse/system/CodeIgniter.php(368): CodeIgniter\CodeIgniter->handleRequest()
#8 /var/www/htdocs/Treehouse/public/index.php(67): CodeIgniter\CodeIgniter->run()
#9 {main}
CRITICAL - 2023-03-28 15:29:52 --> Unable to connect to the database.
Main connection [MySQLi]: Access denied for user ''@'localhost' (using password: NO)
in SYSTEMPATH/Database/BaseConnection.php on line 427.
 1 SYSTEMPATH/Database/BaseConnection.php(573): CodeIgniter\Database\BaseConnection->initialize()
 2 SYSTEMPATH/Database/BaseBuilder.php(1616): CodeIgniter\Database\BaseConnection->query()
 3 APPPATH/Models/User_model.php(15): CodeIgniter\Database\BaseBuilder->get()
 4 APPPATH/Controllers/Login.php(27): App\Models\User_model->login()
 5 SYSTEMPATH/CodeIgniter.php(934): App\Controllers\Login->check_login()
 6 SYSTEMPATH/CodeIgniter.php(499): CodeIgniter\CodeIgniter->runController()
 7 SYSTEMPATH/CodeIgniter.php(368): CodeIgniter\CodeIgniter->handleRequest()
 8 FCPATH/index.php(67): CodeIgniter\CodeIgniter->run()
